<?xml version="1.0" encoding="UTF-8"?>
<robot generator="Robot 5.0.1 (Python 3.10.5 on win32)" generated="20220802 12:23:43.079" rpa="false" schemaversion="3">
<suite id="s1" name="TestsAPIS" source="C:\robotframework\FakeAPI\BooksAPI\TestsAPIS.robot">
<kw name="Conectar a minha API" library="resourceAPI" type="SETUP">
<kw name="Create Session" library="RequestsLibrary">
<arg>fakeApi</arg>
<arg>${URL_API}</arg>
<doc>Create Session: create a HTTP session to a server</doc>
<msg timestamp="20220802 12:23:43.437" level="INFO">Creating Session using : alias=fakeApi, url=https://fakerestapi.azurewebsites.net/api/v1, headers={},                     cookies={}, auth=None, timeout=None, proxies=None, verify=False,                     debug=0 </msg>
<status status="PASS" starttime="20220802 12:23:43.437" endtime="20220802 12:23:43.438"/>
</kw>
<kw name="Create Dictionary" library="BuiltIn">
<var>${headers}</var>
<arg>content-type=application/json</arg>
<doc>Creates and returns a dictionary based on the given ``items``.</doc>
<msg timestamp="20220802 12:23:43.438" level="INFO">${headers} = {'content-type': 'application/json'}</msg>
<status status="PASS" starttime="20220802 12:23:43.438" endtime="20220802 12:23:43.439"/>
</kw>
<kw name="Set Suite Variable" library="BuiltIn">
<arg>${headers}</arg>
<doc>Makes a variable available everywhere within the scope of the current suite.</doc>
<msg timestamp="20220802 12:23:43.439" level="INFO">${headers} = {'content-type': 'application/json'}</msg>
<status status="PASS" starttime="20220802 12:23:43.439" endtime="20220802 12:23:43.439"/>
</kw>
<status status="PASS" starttime="20220802 12:23:43.436" endtime="20220802 12:23:43.440"/>
</kw>
<test id="s1-t1" name="Buscar a listagem de todos os livros (GET em todos os livros)" line="8">
<kw name="Requisitar todos os livros" library="resourceAPI">
<kw name="GET On Session" library="RequestsLibrary">
<var>${resposta}</var>
<arg>fakeApi</arg>
<arg>Books</arg>
<doc>Sends a GET request on a previously created HTTP Session.</doc>
<msg timestamp="20220802 12:23:45.102" level="INFO">GET Request : url=https://fakerestapi.azurewebsites.net/api/v1/Books 
 path_url=/api/v1/Books 
 headers={'User-Agent': 'python-requests/2.28.1', 'Accept-Encoding': 'gzip, deflate', 'Accept': '*/*', 'Connection': 'keep-alive'} 
 body=None 
 </msg>
<msg timestamp="20220802 12:23:45.102" level="INFO">GET Response : url=https://fakerestapi.azurewebsites.net/api/v1/Books 
 status=200, reason=OK 
 headers={'Content-Type': 'application/json; charset=utf-8; v=1.0', 'Date': 'Tue, 02 Aug 2022 15:23:43 GMT', 'Server': 'Kestrel', 'Transfer-Encoding': 'chunked', 'api-supported-versions': '1.0'} 
 body=[{"id":1,"title":"Book 1","description":"Lorem lorem lorem. Lorem lorem lorem. Lorem lorem lorem.\n","pageCount":100,"excerpt":"Lorem lorem lorem. Lorem lorem lorem. Lorem lorem lorem.\nLorem lorem lorem. Lorem lorem lorem. Lorem lorem lorem.\nLorem lorem lorem. Lorem lorem lorem. Lorem lorem lorem.\nLorem lorem lorem. Lorem lorem lorem. Lorem lorem lorem.\nLorem lorem lorem. Lorem lorem lorem. Lorem lorem lorem.\n","publishDate":"2022-08-01T15:23:44.6013441+00:00"},{"id":2,"title":"Book 2","description":"Lorem lorem lorem. Lorem lorem lorem. Lorem lorem lorem.\n","pageCount":200,"excerpt":"Lorem lorem lorem. Lorem lorem lorem. Lorem lorem lorem.\nLorem lorem lorem. Lorem lorem lorem. Lorem lorem lorem.\nLorem lorem lorem. Lorem lorem lorem. Lorem lorem lorem.\nLorem lorem lorem. Lorem lorem lorem. Lorem lorem lorem.\nLorem lorem lorem. Lorem lorem lorem. Lorem lorem lorem.\n","publishDate":"2022-07-31T15:23:44.6013579+00:00"},{"id":3,"title":"Book 3","description":"Lorem lorem lorem. Lorem lorem lorem. Lorem lorem lorem.\n","pageCount":300,"excerpt":"Lorem lorem lorem. Lorem lorem lorem. Lorem lorem lorem.\nLorem lorem lorem. Lorem lorem lorem. Lorem lorem lorem.\nLorem lorem lorem. Lorem lorem lorem. Lorem lorem lorem.\nLorem lorem lorem. Lorem lorem lorem. Lorem lorem lorem.\nLorem lorem lorem. Lorem lorem lorem. Lorem lorem lorem.\n","publishDate":"2022-07-30T15:23:44.6013681+00:00"},{"id":4,"title":"Book 4","description":"Lorem lorem lorem. Lorem lorem lorem. Lorem lorem lorem.\n","pageCount":400,"excerpt":"Lorem lorem lorem. Lorem lorem lorem. Lorem lorem lorem.\nLorem lorem lorem. Lorem lorem lorem. Lorem lorem lorem.\nLorem lorem lorem. Lorem lorem lorem. Lorem lorem lorem.\nLorem lorem lorem. Lorem lorem lorem. Lorem lorem lorem.\nLorem lorem lorem. Lorem lorem lorem. Lorem lorem lorem.\n","publishDate":"2022-07-29T15:23:44.6013785+00:00"},{"id":5,"title":"Book 5","description":"Lorem lorem lorem. Lorem lorem lorem. Lorem lorem lorem.\n","pageCount":500,"excerpt":"Lorem lorem lorem. Lorem lorem lorem. Lorem lorem lorem.\nLorem lorem lorem. Lorem lorem lorem. Lorem lorem lorem.\nLorem lorem lorem. Lorem lorem lorem. Lorem lorem lorem.\nLorem lorem lorem. Lorem lorem lorem. Lorem lorem lorem.\nLorem lorem lorem. Lorem lorem lorem. Lorem lorem lorem.\n","publishDate":"2022-07-28T15:23:44.6013902+00:00"},{"id":6,"title":"Book 6","description":"Lorem lorem lorem. Lorem lorem lorem. Lorem lorem lorem.\n","pageCount":600,"excerpt":"Lorem lorem lorem. Lorem lorem lorem. Lorem lorem lorem.\nLorem lorem lorem. Lorem lorem lorem. Lorem lorem lorem.\nLorem lorem lorem. Lorem lorem lorem. Lorem lorem lorem.\nLorem lorem lorem. Lorem lorem lorem. Lorem lorem lorem.\nLorem lorem lorem. Lorem lorem lorem. Lorem lorem lorem.\n","publishDate":"2022-07-27T15:23:44.6014006+00:00"},{"id":7,"title":"Book 7","description":"Lorem lorem lorem. Lorem lorem lorem. Lorem lorem lorem.\n","pageCount":700,"excerpt":"Lorem lorem lorem. Lorem lorem lorem. Lorem lorem lorem.\nLorem lorem lorem. Lorem lorem lorem. Lorem lorem lorem.\nLorem lorem lorem. Lorem lorem lorem. Lorem lorem lorem.\nLorem lorem lorem. Lorem lorem lorem. Lorem lorem lorem.\nLorem lorem lorem. Lorem lorem lorem. Lorem lorem lorem.\n","publishDate":"2022-07-26T15:23:44.6014124+00:00"},{"id":8,"title":"Book 8","description":"Lorem lorem lorem. Lorem lorem lorem. Lorem lorem lorem.\n","pageCount":800,"excerpt":"Lorem lorem lorem. Lorem lorem lorem. Lorem lorem lorem.\nLorem lorem lorem. Lorem lorem lorem. Lorem lorem lorem.\nLorem lorem lorem. Lorem lorem lorem. Lorem lorem lorem.\nLorem lorem lorem. Lorem lorem lorem. Lorem lorem lorem.\nLorem lorem lorem. Lorem lorem lorem. Lorem lorem lorem.\n","publishDate":"2022-07-25T15:23:44.6014223+00:00"},{"id":9,"title":"Book 9","description":"Lorem lorem lorem. Lorem lorem lorem. Lorem lorem lorem.\n","pageCount":900,"excerpt":"Lorem lorem lorem. Lorem lorem lorem. Lorem lorem lorem.\nLorem lorem lorem. Lorem lorem lorem. Lorem lorem lorem.\nLorem lorem lorem. Lorem lorem lorem. Lorem lorem lorem.\nLorem lorem lorem. Lorem lorem lorem. Lorem lorem lorem.\nLorem lorem lorem. Lorem lorem lorem. Lorem lorem lorem.\n","publishDate":"2022-07-24T15:23:44.6014438+00:00"},{"id":10,"title":"Book 10","description":"Lorem lorem lorem. Lorem lorem lorem. Lorem lorem lorem.\n","pageCount":1000,"excerpt":"Lorem lorem lorem. Lorem lorem lorem. Lorem lorem lorem.\nLorem lorem lorem. Lorem lorem lorem. Lorem lorem lorem.\nLorem lorem lorem. Lorem lorem lorem. Lorem lorem lorem.\nLorem lorem lorem. Lorem lorem lorem. Lorem lorem lorem.\nLorem lorem lorem. Lorem lorem lorem. Lorem lorem lorem.\n","publishDate":"2022-07-23T15:23:44.6014535+00:00"},{"id":11,"title":"Book 11","description":"Lorem lorem lorem. Lorem lorem lorem. Lorem lorem lorem.\n","pageCount":1100,"excerpt":"Lorem lorem lorem. Lorem lorem lorem. Lorem lorem lorem.\nLorem lorem lorem. Lorem lorem lorem. Lorem lorem lorem.\nLorem lorem lorem. Lorem lorem lorem. Lorem lorem lorem.\nLorem lorem lorem. Lorem lorem lorem. Lorem lorem lorem.\nLorem lorem lorem. Lorem lorem lorem. Lorem lorem lorem.\n","publishDate":"2022-07-22T15:23:44.6014638+00:00"},{"id":12,"title":"Book 12","description":"Lorem lorem lorem. Lorem lorem lorem. Lorem lorem lorem.\n","pageCount":1200,"excerpt":"Lorem lorem lorem. Lorem lorem lorem. Lorem lorem lorem.\nLorem lorem lorem. Lorem lorem lorem. Lorem lorem lorem.\nLorem lorem lorem. Lorem lorem lorem. Lorem lorem lorem.\nLorem lorem lorem. Lorem lorem lorem. Lorem lorem lorem.\nLorem lorem lorem. Lorem lorem lorem. Lorem lorem lorem.\n","publishDate":"2022-07-21T15:23:44.6014727+00:00"},{"id":13,"title":"Book 13","description":"Lorem lorem lorem. Lorem lorem lorem. Lorem lorem lorem.\n","pageCount":1300,"excerpt":"Lorem lorem lorem. Lorem lorem lorem. Lorem lorem lorem.\nLorem lorem lorem. Lorem lorem lorem. Lorem lorem lorem.\nLorem lorem lorem. Lorem lorem lorem. Lorem lorem lorem.\nLorem lorem lorem. Lorem lorem lorem. Lorem lorem lorem.\nLorem lorem lorem. Lorem lorem lorem. Lorem lorem lorem.\n","publishDate":"2022-07-20T15:23:44.6014833+00:00"},{"id":14,"title":"Book 14","description":"Lorem lorem lorem. Lorem lorem lorem. Lorem lorem lorem.\n","pageCount":1400,"excerpt":"Lorem lorem lorem. Lorem lorem lorem. Lorem lorem lorem.\nLorem lorem lorem. Lorem lorem lorem. Lorem lorem lorem.\nLorem lorem lorem. Lorem lorem lorem. Lorem lorem lorem.\nLorem lorem lorem. Lorem lorem lorem. Lorem lorem lorem.\nLorem lorem lorem. Lorem lorem lorem. Lorem lorem lorem.\n","publishDate":"2022-07-19T15:23:44.6014922+00:00"},{"id":15,"title":"Book 15","description":"Lorem lorem lorem. Lorem lorem lorem. Lorem lorem lorem.\n","pageCount":1500,"excerpt":"Lorem lorem lorem. Lorem lorem lorem. Lorem lorem lorem.\nLorem lorem lorem. Lorem lorem lorem. Lorem lorem lorem.\nLorem lorem lorem. Lorem lorem lorem. Lorem lorem lorem.\nLorem lorem lorem. Lorem lorem lorem. Lorem lorem lorem.\nLorem lorem lorem. Lorem lorem lorem. Lorem lorem lorem.\n","publishDate":"2022-07-18T15:23:44.6015026+00:00"},{"id":16,"title":"Book 16","description":"Lorem lorem lorem. Lorem lorem lorem. Lorem lorem lorem.\n","pageCount":1600,"excerpt":"Lorem lorem lorem. Lorem lorem lorem. Lorem lorem lorem.\nLorem lorem lorem. Lorem lorem lorem. Lorem lorem lorem.\nLorem lorem lorem. Lorem lorem lorem. Lorem lorem lorem.\nLorem lorem lorem. Lorem lorem lorem. Lorem lorem lorem.\nLorem lorem lorem. Lorem lorem lorem. Lorem lorem lorem.\n","publishDate":"2022-07-17T15:23:44.6015115+00:00"},{"id":17,"title":"Book 17","description":"Lorem lorem lorem. Lorem lorem lorem. Lorem lorem lorem.\n","pageCount":1700,"excerpt":"Lorem lorem lorem. Lorem lorem lorem. Lorem lorem lorem.\nLorem lorem lorem. Lorem lorem lorem. Lorem lorem lorem.\nLorem lorem lorem. Lorem lorem lorem. Lorem lorem lorem.\nLorem lorem lorem. Lorem lorem lorem. Lorem lorem lorem.\nLorem lorem lorem. Lorem lorem lorem. Lorem lorem lorem.\n","publishDate":"2022-07-16T15:23:44.6015202+00:00"},{"id":18,"title":"Book 18","description":"Lorem lorem lorem. Lorem lorem lorem. Lorem lorem lorem.\n","pageCount":1800,"excerpt":"Lorem lorem lorem. Lorem lorem lorem. Lorem lorem lorem.\nLorem lorem lorem. Lorem lorem lorem. Lorem lorem lorem.\nLorem lorem lorem. Lorem lorem lorem. Lorem lorem lorem.\nLorem lorem lorem. Lorem lorem lorem. Lorem lorem lorem.\nLorem lorem lorem. Lorem lorem lorem. Lorem lorem lorem.\n","publishDate":"2022-07-15T15:23:44.6015306+00:00"},{"id":19,"title":"Book 19","description":"Lorem lorem lorem. Lorem lorem lorem. Lorem lorem lorem.\n","pageCount":1900,"excerpt":"Lorem lorem lorem. Lorem lorem lorem. Lorem lorem lorem.\nLorem lorem lorem. Lorem lorem lorem. Lorem lorem lorem.\nLorem lorem lorem. Lorem lorem lorem. Lorem lorem lorem.\nLorem lorem lorem. Lorem lorem lorem. Lorem lorem lorem.\nLorem lorem lorem. Lorem lorem lorem. Lorem lorem lorem.\n","publishDate":"2022-07-14T15:23:44.6015396+00:00"},{"id":20,"title":"Book 20","description":"Lorem lorem lorem. Lorem lorem lorem. Lorem lorem lorem.\n","pageCount":2000,"excerpt":"Lorem lorem lorem. Lorem lorem lorem. Lorem lorem lorem.\nLorem lorem lorem. Lorem lorem lorem. Lorem lorem lorem.\nLorem lorem lorem. Lorem lorem lorem. Lorem lorem lorem.\nLorem lorem lorem. Lorem lorem lorem. Lorem lorem lorem.\nLorem lorem lorem. Lorem lorem lorem. Lorem lorem lorem.\n","publishDate":"2022-07-13T15:23:44.6015498+00:00"},{"id":21,"title":"Book 21","description":"Lorem lorem lorem. Lorem lorem lorem. Lorem lorem lorem.\n","pageCount":2100,"excerpt":"Lorem lorem lorem. Lorem lorem lorem. Lorem lorem lorem.\nLorem lorem lorem. Lorem lorem lorem. Lorem lorem lorem.\nLorem lorem lorem. Lorem lorem lorem. Lorem lorem lorem.\nLorem lorem lorem. Lorem lorem lorem. Lorem lorem lorem.\nLorem lorem lorem. Lorem lorem lorem. Lorem lorem lorem.\n","publishDate":"2022-07-12T15:23:44.6015587+00:00"},{"id":22,"title":"Book 22","description":"Lorem lorem lorem. Lorem lorem lorem. Lorem lorem l... (set the log level to DEBUG or TRACE to see the full content) 
 </msg>
<msg timestamp="20220802 12:23:45.103" level="INFO">C:\Python310\lib\site-packages\urllib3\connectionpool.py:1043: InsecureRequestWarning: Unverified HTTPS request is being made to host 'fakerestapi.azurewebsites.net'. Adding certificate verification is strongly advised. See: https://urllib3.readthedocs.io/en/1.26.x/advanced-usage.html#ssl-warnings
  warnings.warn(</msg>
<msg timestamp="20220802 12:23:45.106" level="INFO">${resposta} = &lt;Response [200]&gt;</msg>
<status status="PASS" starttime="20220802 12:23:43.443" endtime="20220802 12:23:45.107"/>
</kw>
<kw name="Log" library="BuiltIn">
<arg>${resposta.text}</arg>
<doc>Logs the given message with the given level.</doc>
<msg timestamp="20220802 12:23:45.110" level="INFO">[{"id":1,"title":"Book 1","description":"Lorem lorem lorem. Lorem lorem lorem. Lorem lorem lorem.\n","pageCount":100,"excerpt":"Lorem lorem lorem. Lorem lorem lorem. Lorem lorem lorem.\nLorem lorem lorem. Lorem lorem lorem. Lorem lorem lorem.\nLorem lorem lorem. Lorem lorem lorem. Lorem lorem lorem.\nLorem lorem lorem. Lorem lorem lorem. Lorem lorem lorem.\nLorem lorem lorem. Lorem lorem lorem. Lorem lorem lorem.\n","publishDate":"2022-08-01T15:23:44.6013441+00:00"},{"id":2,"title":"Book 2","description":"Lorem lorem lorem. Lorem lorem lorem. Lorem lorem lorem.\n","pageCount":200,"excerpt":"Lorem lorem lorem. Lorem lorem lorem. Lorem lorem lorem.\nLorem lorem lorem. Lorem lorem lorem. Lorem lorem lorem.\nLorem lorem lorem. Lorem lorem lorem. Lorem lorem lorem.\nLorem lorem lorem. Lorem lorem lorem. Lorem lorem lorem.\nLorem lorem lorem. Lorem lorem lorem. Lorem lorem lorem.\n","publishDate":"2022-07-31T15:23:44.6013579+00:00"},{"id":3,"title":"Book 3","description":"Lorem lorem lorem. Lorem lorem lorem. Lorem lorem lorem.\n","pageCount":300,"excerpt":"Lorem lorem lorem. Lorem lorem lorem. Lorem lorem lorem.\nLorem lorem lorem. Lorem lorem lorem. Lorem lorem lorem.\nLorem lorem lorem. Lorem lorem lorem. Lorem lorem lorem.\nLorem lorem lorem. Lorem lorem lorem. Lorem lorem lorem.\nLorem lorem lorem. Lorem lorem lorem. Lorem lorem lorem.\n","publishDate":"2022-07-30T15:23:44.6013681+00:00"},{"id":4,"title":"Book 4","description":"Lorem lorem lorem. Lorem lorem lorem. Lorem lorem lorem.\n","pageCount":400,"excerpt":"Lorem lorem lorem. Lorem lorem lorem. Lorem lorem lorem.\nLorem lorem lorem. Lorem lorem lorem. Lorem lorem lorem.\nLorem lorem lorem. Lorem lorem lorem. Lorem lorem lorem.\nLorem lorem lorem. Lorem lorem lorem. Lorem lorem lorem.\nLorem lorem lorem. Lorem lorem lorem. Lorem lorem lorem.\n","publishDate":"2022-07-29T15:23:44.6013785+00:00"},{"id":5,"title":"Book 5","description":"Lorem lorem lorem. Lorem lorem lorem. Lorem lorem lorem.\n","pageCount":500,"excerpt":"Lorem lorem lorem. Lorem lorem lorem. Lorem lorem lorem.\nLorem lorem lorem. Lorem lorem lorem. Lorem lorem lorem.\nLorem lorem lorem. Lorem lorem lorem. Lorem lorem lorem.\nLorem lorem lorem. Lorem lorem lorem. Lorem lorem lorem.\nLorem lorem lorem. Lorem lorem lorem. Lorem lorem lorem.\n","publishDate":"2022-07-28T15:23:44.6013902+00:00"},{"id":6,"title":"Book 6","description":"Lorem lorem lorem. Lorem lorem lorem. Lorem lorem lorem.\n","pageCount":600,"excerpt":"Lorem lorem lorem. Lorem lorem lorem. Lorem lorem lorem.\nLorem lorem lorem. Lorem lorem lorem. Lorem lorem lorem.\nLorem lorem lorem. Lorem lorem lorem. Lorem lorem lorem.\nLorem lorem lorem. Lorem lorem lorem. Lorem lorem lorem.\nLorem lorem lorem. Lorem lorem lorem. Lorem lorem lorem.\n","publishDate":"2022-07-27T15:23:44.6014006+00:00"},{"id":7,"title":"Book 7","description":"Lorem lorem lorem. Lorem lorem lorem. Lorem lorem lorem.\n","pageCount":700,"excerpt":"Lorem lorem lorem. Lorem lorem lorem. Lorem lorem lorem.\nLorem lorem lorem. Lorem lorem lorem. Lorem lorem lorem.\nLorem lorem lorem. Lorem lorem lorem. Lorem lorem lorem.\nLorem lorem lorem. Lorem lorem lorem. Lorem lorem lorem.\nLorem lorem lorem. Lorem lorem lorem. Lorem lorem lorem.\n","publishDate":"2022-07-26T15:23:44.6014124+00:00"},{"id":8,"title":"Book 8","description":"Lorem lorem lorem. Lorem lorem lorem. Lorem lorem lorem.\n","pageCount":800,"excerpt":"Lorem lorem lorem. Lorem lorem lorem. Lorem lorem lorem.\nLorem lorem lorem. Lorem lorem lorem. Lorem lorem lorem.\nLorem lorem lorem. Lorem lorem lorem. Lorem lorem lorem.\nLorem lorem lorem. Lorem lorem lorem. Lorem lorem lorem.\nLorem lorem lorem. Lorem lorem lorem. Lorem lorem lorem.\n","publishDate":"2022-07-25T15:23:44.6014223+00:00"},{"id":9,"title":"Book 9","description":"Lorem lorem lorem. Lorem lorem lorem. Lorem lorem lorem.\n","pageCount":900,"excerpt":"Lorem lorem lorem. Lorem lorem lorem. Lorem lorem lorem.\nLorem lorem lorem. Lorem lorem lorem. Lorem lorem lorem.\nLorem lorem lorem. Lorem lorem lorem. Lorem lorem lorem.\nLorem lorem lorem. Lorem lorem lorem. Lorem lorem lorem.\nLorem lorem lorem. Lorem lorem lorem. Lorem lorem lorem.\n","publishDate":"2022-07-24T15:23:44.6014438+00:00"},{"id":10,"title":"Book 10","description":"Lorem lorem lorem. Lorem lorem lorem. Lorem lorem lorem.\n","pageCount":1000,"excerpt":"Lorem lorem lorem. Lorem lorem lorem. Lorem lorem lorem.\nLorem lorem lorem. Lorem lorem lorem. Lorem lorem lorem.\nLorem lorem lorem. Lorem lorem lorem. Lorem lorem lorem.\nLorem lorem lorem. Lorem lorem lorem. Lorem lorem lorem.\nLorem lorem lorem. Lorem lorem lorem. Lorem lorem lorem.\n","publishDate":"2022-07-23T15:23:44.6014535+00:00"},{"id":11,"title":"Book 11","description":"Lorem lorem lorem. Lorem lorem lorem. Lorem lorem lorem.\n","pageCount":1100,"excerpt":"Lorem lorem lorem. Lorem lorem lorem. Lorem lorem lorem.\nLorem lorem lorem. Lorem lorem lorem. Lorem lorem lorem.\nLorem lorem lorem. Lorem lorem lorem. Lorem lorem lorem.\nLorem lorem lorem. Lorem lorem lorem. Lorem lorem lorem.\nLorem lorem lorem. Lorem lorem lorem. Lorem lorem lorem.\n","publishDate":"2022-07-22T15:23:44.6014638+00:00"},{"id":12,"title":"Book 12","description":"Lorem lorem lorem. Lorem lorem lorem. Lorem lorem lorem.\n","pageCount":1200,"excerpt":"Lorem lorem lorem. Lorem lorem lorem. Lorem lorem lorem.\nLorem lorem lorem. Lorem lorem lorem. Lorem lorem lorem.\nLorem lorem lorem. Lorem lorem lorem. Lorem lorem lorem.\nLorem lorem lorem. Lorem lorem lorem. Lorem lorem lorem.\nLorem lorem lorem. Lorem lorem lorem. Lorem lorem lorem.\n","publishDate":"2022-07-21T15:23:44.6014727+00:00"},{"id":13,"title":"Book 13","description":"Lorem lorem lorem. Lorem lorem lorem. Lorem lorem lorem.\n","pageCount":1300,"excerpt":"Lorem lorem lorem. Lorem lorem lorem. Lorem lorem lorem.\nLorem lorem lorem. Lorem lorem lorem. Lorem lorem lorem.\nLorem lorem lorem. Lorem lorem lorem. Lorem lorem lorem.\nLorem lorem lorem. Lorem lorem lorem. Lorem lorem lorem.\nLorem lorem lorem. Lorem lorem lorem. Lorem lorem lorem.\n","publishDate":"2022-07-20T15:23:44.6014833+00:00"},{"id":14,"title":"Book 14","description":"Lorem lorem lorem. Lorem lorem lorem. Lorem lorem lorem.\n","pageCount":1400,"excerpt":"Lorem lorem lorem. Lorem lorem lorem. Lorem lorem lorem.\nLorem lorem lorem. Lorem lorem lorem. Lorem lorem lorem.\nLorem lorem lorem. Lorem lorem lorem. Lorem lorem lorem.\nLorem lorem lorem. Lorem lorem lorem. Lorem lorem lorem.\nLorem lorem lorem. Lorem lorem lorem. Lorem lorem lorem.\n","publishDate":"2022-07-19T15:23:44.6014922+00:00"},{"id":15,"title":"Book 15","description":"Lorem lorem lorem. Lorem lorem lorem. Lorem lorem lorem.\n","pageCount":1500,"excerpt":"Lorem lorem lorem. Lorem lorem lorem. Lorem lorem lorem.\nLorem lorem lorem. Lorem lorem lorem. Lorem lorem lorem.\nLorem lorem lorem. Lorem lorem lorem. Lorem lorem lorem.\nLorem lorem lorem. Lorem lorem lorem. Lorem lorem lorem.\nLorem lorem lorem. Lorem lorem lorem. Lorem lorem lorem.\n","publishDate":"2022-07-18T15:23:44.6015026+00:00"},{"id":16,"title":"Book 16","description":"Lorem lorem lorem. Lorem lorem lorem. Lorem lorem lorem.\n","pageCount":1600,"excerpt":"Lorem lorem lorem. Lorem lorem lorem. Lorem lorem lorem.\nLorem lorem lorem. Lorem lorem lorem. Lorem lorem lorem.\nLorem lorem lorem. Lorem lorem lorem. Lorem lorem lorem.\nLorem lorem lorem. Lorem lorem lorem. Lorem lorem lorem.\nLorem lorem lorem. Lorem lorem lorem. Lorem lorem lorem.\n","publishDate":"2022-07-17T15:23:44.6015115+00:00"},{"id":17,"title":"Book 17","description":"Lorem lorem lorem. Lorem lorem lorem. Lorem lorem lorem.\n","pageCount":1700,"excerpt":"Lorem lorem lorem. Lorem lorem lorem. Lorem lorem lorem.\nLorem lorem lorem. Lorem lorem lorem. Lorem lorem lorem.\nLorem lorem lorem. Lorem lorem lorem. Lorem lorem lorem.\nLorem lorem lorem. Lorem lorem lorem. Lorem lorem lorem.\nLorem lorem lorem. Lorem lorem lorem. Lorem lorem lorem.\n","publishDate":"2022-07-16T15:23:44.6015202+00:00"},{"id":18,"title":"Book 18","description":"Lorem lorem lorem. Lorem lorem lorem. Lorem lorem lorem.\n","pageCount":1800,"excerpt":"Lorem lorem lorem. Lorem lorem lorem. Lorem lorem lorem.\nLorem lorem lorem. Lorem lorem lorem. Lorem lorem lorem.\nLorem lorem lorem. Lorem lorem lorem. Lorem lorem lorem.\nLorem lorem lorem. Lorem lorem lorem. Lorem lorem lorem.\nLorem lorem lorem. Lorem lorem lorem. Lorem lorem lorem.\n","publishDate":"2022-07-15T15:23:44.6015306+00:00"},{"id":19,"title":"Book 19","description":"Lorem lorem lorem. Lorem lorem lorem. Lorem lorem lorem.\n","pageCount":1900,"excerpt":"Lorem lorem lorem. Lorem lorem lorem. Lorem lorem lorem.\nLorem lorem lorem. Lorem lorem lorem. Lorem lorem lorem.\nLorem lorem lorem. Lorem lorem lorem. Lorem lorem lorem.\nLorem lorem lorem. Lorem lorem lorem. Lorem lorem lorem.\nLorem lorem lorem. Lorem lorem lorem. Lorem lorem lorem.\n","publishDate":"2022-07-14T15:23:44.6015396+00:00"},{"id":20,"title":"Book 20","description":"Lorem lorem lorem. Lorem lorem lorem. Lorem lorem lorem.\n","pageCount":2000,"excerpt":"Lorem lorem lorem. Lorem lorem lorem. Lorem lorem lorem.\nLorem lorem lorem. Lorem lorem lorem. Lorem lorem lorem.\nLorem lorem lorem. Lorem lorem lorem. Lorem lorem lorem.\nLorem lorem lorem. Lorem lorem lorem. Lorem lorem lorem.\nLorem lorem lorem. Lorem lorem lorem. Lorem lorem lorem.\n","publishDate":"2022-07-13T15:23:44.6015498+00:00"},{"id":21,"title":"Book 21","description":"Lorem lorem lorem. Lorem lorem lorem. Lorem lorem lorem.\n","pageCount":2100,"excerpt":"Lorem lorem lorem. Lorem lorem lorem. Lorem lorem lorem.\nLorem lorem lorem. Lorem lorem lorem. Lorem lorem lorem.\nLorem lorem lorem. Lorem lorem lorem. Lorem lorem lorem.\nLorem lorem lorem. Lorem lorem lorem. Lorem lorem lorem.\nLorem lorem lorem. Lorem lorem lorem. Lorem lorem lorem.\n","publishDate":"2022-07-12T15:23:44.6015587+00:00"},{"id":22,"title":"Book 22","description":"Lorem lorem lorem. Lorem lorem lorem. Lorem lorem lorem.\n","pageCount":2200,"excerpt":"Lorem lorem lorem. Lorem lorem lorem. Lorem lorem lorem.\nLorem lorem lorem. Lorem lorem lorem. Lorem lorem lorem.\nLorem lorem lorem. Lorem lorem lorem. Lorem lorem lorem.\nLorem lorem lorem. Lorem lorem lorem. Lorem lorem lorem.\nLorem lorem lorem. Lorem lorem lorem. Lorem lorem lorem.\n","publishDate":"2022-07-11T15:23:44.601569+00:00"},{"id":23,"title":"Book 23","description":"Lorem lorem lorem. Lorem lorem lorem. Lorem lorem lorem.\n","pageCount":2300,"excerpt":"Lorem lorem lorem. Lorem lorem lorem. Lorem lorem lorem.\nLorem lorem lorem. Lorem lorem lorem. Lorem lorem lorem.\nLorem lorem lorem. Lorem lorem lorem. Lorem lorem lorem.\nLorem lorem lorem. Lorem lorem lorem. Lorem lorem lorem.\nLorem lorem lorem. Lorem lorem lorem. Lorem lorem lorem.\n","publishDate":"2022-07-10T15:23:44.6015779+00:00"},{"id":24,"title":"Book 24","description":"Lorem lorem lorem. Lorem lorem lorem. Lorem lorem lorem.\n","pageCount":2400,"excerpt":"Lorem lorem lorem. Lorem lorem lorem. Lorem lorem lorem.\nLorem lorem lorem. Lorem lorem lorem. Lorem lorem lorem.\nLorem lorem lorem. Lorem lorem lorem. Lorem lorem lorem.\nLorem lorem lorem. Lorem lorem lorem. Lorem lorem lorem.\nLorem lorem lorem. Lorem lorem lorem. Lorem lorem lorem.\n","publishDate":"2022-07-09T15:23:44.6015882+00:00"},{"id":25,"title":"Book 25","description":"Lorem lorem lorem. Lorem lorem lorem. Lorem lorem lorem.\n","pageCount":2500,"excerpt":"Lorem lorem lorem. Lorem lorem lorem. Lorem lorem lorem.\nLorem lorem lorem. Lorem lorem lorem. Lorem lorem lorem.\nLorem lorem lorem. Lorem lorem lorem. Lorem lorem lorem.\nLorem lorem lorem. Lorem lorem lorem. Lorem lorem lorem.\nLorem lorem lorem. Lorem lorem lorem. Lorem lorem lorem.\n","publishDate":"2022-07-08T15:23:44.6015971+00:00"},{"id":26,"title":"Book 26","description":"Lorem lorem lorem. Lorem lorem lorem. Lorem lorem lorem.\n","pageCount":2600,"excerpt":"Lorem lorem lorem. Lorem lorem lorem. Lorem lorem lorem.\nLorem lorem lorem. Lorem lorem lorem. Lorem lorem lorem.\nLorem lorem lorem. Lorem lorem lorem. Lorem lorem lorem.\nLorem lorem lorem. Lorem lorem lorem. Lorem lorem lorem.\nLorem lorem lorem. Lorem lorem lorem. Lorem lorem lorem.\n","publishDate":"2022-07-07T15:23:44.6016075+00:00"},{"id":27,"title":"Book 27","description":"Lorem lorem lorem. Lorem lorem lorem. Lorem lorem lorem.\n","pageCount":2700,"excerpt":"Lorem lorem lorem. Lorem lorem lorem. Lorem lorem lorem.\nLorem lorem lorem. Lorem lorem lorem. Lorem lorem lorem.\nLorem lorem lorem. Lorem lorem lorem. Lorem lorem lorem.\nLorem lorem lorem. Lorem lorem lorem. Lorem lorem lorem.\nLorem lorem lorem. Lorem lorem lorem. Lorem lorem lorem.\n","publishDate":"2022-07-06T15:23:44.6016165+00:00"},{"id":28,"title":"Book 28","description":"Lorem lorem lorem. Lorem lorem lorem. Lorem lorem lorem.\n","pageCount":2800,"excerpt":"Lorem lorem lorem. Lorem lorem lorem. Lorem lorem lorem.\nLorem lorem lorem. Lorem lorem lorem. Lorem lorem lorem.\nLorem lorem lorem. Lorem lorem lorem. Lorem lorem lorem.\nLorem lorem lorem. Lorem lorem lorem. Lorem lorem lorem.\nLorem lorem lorem. Lorem lorem lorem. Lorem lorem lorem.\n","publishDate":"2022-07-05T15:23:44.6016269+00:00"},{"id":29,"title":"Book 29","description":"Lorem lorem lorem. Lorem lorem lorem. Lorem lorem lorem.\n","pageCount":2900,"excerpt":"Lorem lorem lorem. Lorem lorem lorem. Lorem lorem lorem.\nLorem lorem lorem. Lorem lorem lorem. Lorem lorem lorem.\nLorem lorem lorem. Lorem lorem lorem. Lorem lorem lorem.\nLorem lorem lorem. Lorem lorem lorem. Lorem lorem lorem.\nLorem lorem lorem. Lorem lorem lorem. Lorem lorem lorem.\n","publishDate":"2022-07-04T15:23:44.6016357+00:00"},{"id":30,"title":"Book 30","description":"Lorem lorem lorem. Lorem lorem lorem. Lorem lorem lorem.\n","pageCount":3000,"excerpt":"Lorem lorem lorem. Lorem lorem lorem. Lorem lorem lorem.\nLorem lorem lorem. Lorem lorem lorem. Lorem lorem lorem.\nLorem lorem lorem. Lorem lorem lorem. Lorem lorem lorem.\nLorem lorem lorem. Lorem lorem lorem. Lorem lorem lorem.\nLorem lorem lorem. Lorem lorem lorem. Lorem lorem lorem.\n","publishDate":"2022-07-03T15:23:44.6016462+00:00"},{"id":31,"title":"Book 31","description":"Lorem lorem lorem. Lorem lorem lorem. Lorem lorem lorem.\n","pageCount":3100,"excerpt":"Lorem lorem lorem. Lorem lorem lorem. Lorem lorem lorem.\nLorem lorem lorem. Lorem lorem lorem. Lorem lorem lorem.\nLorem lorem lorem. Lorem lorem lorem. Lorem lorem lorem.\nLorem lorem lorem. Lorem lorem lorem. Lorem lorem lorem.\nLorem lorem lorem. Lorem lorem lorem. Lorem lorem lorem.\n","publishDate":"2022-07-02T15:23:44.601655+00:00"},{"id":32,"title":"Book 32","description":"Lorem lorem lorem. Lorem lorem lorem. Lorem lorem lorem.\n","pageCount":3200,"excerpt":"Lorem lorem lorem. Lorem lorem lorem. Lorem lorem lorem.\nLorem lorem lorem. Lorem lorem lorem. Lorem lorem lorem.\nLorem lorem lorem. Lorem lorem lorem. Lorem lorem lorem.\nLorem lorem lorem. Lorem lorem lorem. Lorem lorem lorem.\nLorem lorem lorem. Lorem lorem lorem. Lorem lorem lorem.\n","publishDate":"2022-07-01T15:23:44.6016639+00:00"},{"id":33,"title":"Book 33","description":"Lorem lorem lorem. Lorem lorem lorem. Lorem lorem lorem.\n","pageCount":3300,"excerpt":"Lorem lorem lorem. Lorem lorem lorem. Lorem lorem lorem.\nLorem lorem lorem. Lorem lorem lorem. Lorem lorem lorem.\nLorem lorem lorem. Lorem lorem lorem. Lorem lorem lorem.\nLorem lorem lorem. Lorem lorem lorem. Lorem lorem lorem.\nLorem lorem lorem. Lorem lorem lorem. Lorem lorem lorem.\n","publishDate":"2022-06-30T15:23:44.6016742+00:00"},{"id":34,"title":"Book 34","description":"Lorem lorem lorem. Lorem lorem lorem. Lorem lorem lorem.\n","pageCount":3400,"excerpt":"Lorem lorem lorem. Lorem lorem lorem. Lorem lorem lorem.\nLorem lorem lorem. Lorem lorem lorem. Lorem lorem lorem.\nLorem lorem lorem. Lorem lorem lorem. Lorem lorem lorem.\nLorem lorem lorem. Lorem lorem lorem. Lorem lorem lorem.\nLorem lorem lorem. Lorem lorem lorem. Lorem lorem lorem.\n","publishDate":"2022-06-29T15:23:44.6016831+00:00"},{"id":35,"title":"Book 35","description":"Lorem lorem lorem. Lorem lorem lorem. Lorem lorem lorem.\n","pageCount":3500,"excerpt":"Lorem lorem lorem. Lorem lorem lorem. Lorem lorem lorem.\nLorem lorem lorem. Lorem lorem lorem. Lorem lorem lorem.\nLorem lorem lorem. Lorem lorem lorem. Lorem lorem lorem.\nLorem lorem lorem. Lorem lorem lorem. Lorem lorem lorem.\nLorem lorem lorem. Lorem lorem lorem. Lorem lorem lorem.\n","publishDate":"2022-06-28T15:23:44.6016935+00:00"},{"id":36,"title":"Book 36","description":"Lorem lorem lorem. Lorem lorem lorem. Lorem lorem lorem.\n","pageCount":3600,"excerpt":"Lorem lorem lorem. Lorem lorem lorem. Lorem lorem lorem.\nLorem lorem lorem. Lorem lorem lorem. Lorem lorem lorem.\nLorem lorem lorem. Lorem lorem lorem. Lorem lorem lorem.\nLorem lorem lorem. Lorem lorem lorem. Lorem lorem lorem.\nLorem lorem lorem. Lorem lorem lorem. Lorem lorem lorem.\n","publishDate":"2022-06-27T15:23:44.6017023+00:00"},{"id":37,"title":"Book 37","description":"Lorem lorem lorem. Lorem lorem lorem. Lorem lorem lorem.\n","pageCount":3700,"excerpt":"Lorem lorem lorem. Lorem lorem lorem. Lorem lorem lorem.\nLorem lorem lorem. Lorem lorem lorem. Lorem lorem lorem.\nLorem lorem lorem. Lorem lorem lorem. Lorem lorem lorem.\nLorem lorem lorem. Lorem lorem lorem. Lorem lorem lorem.\nLorem lorem lorem. Lorem lorem lorem. Lorem lorem lorem.\n","publishDate":"2022-06-26T15:23:44.6017127+00:00"},{"id":38,"title":"Book 38","description":"Lorem lorem lorem. Lorem lorem lorem. Lorem lorem lorem.\n","pageCount":3800,"excerpt":"Lorem lorem lorem. Lorem lorem lorem. Lorem lorem lorem.\nLorem lorem lorem. Lorem lorem lorem. Lorem lorem lorem.\nLorem lorem lorem. Lorem lorem lorem. Lorem lorem lorem.\nLorem lorem lorem. Lorem lorem lorem. Lorem lorem lorem.\nLorem lorem lorem. Lorem lorem lorem. Lorem lorem lorem.\n","publishDate":"2022-06-25T15:23:44.6017216+00:00"},{"id":39,"title":"Book 39","description":"Lorem lorem lorem. Lorem lorem lorem. Lorem lorem lorem.\n","pageCount":3900,"excerpt":"Lorem lorem lorem. Lorem lorem lorem. Lorem lorem lorem.\nLorem lorem lorem. Lorem lorem lorem. Lorem lorem lorem.\nLorem lorem lorem. Lorem lorem lorem. Lorem lorem lorem.\nLorem lorem lorem. Lorem lorem lorem. Lorem lorem lorem.\nLorem lorem lorem. Lorem lorem lorem. Lorem lorem lorem.\n","publishDate":"2022-06-24T15:23:44.6017319+00:00"},{"id":40,"title":"Book 40","description":"Lorem lorem lorem. Lorem lorem lorem. Lorem lorem lorem.\n","pageCount":4000,"excerpt":"Lorem lorem lorem. Lorem lorem lorem. Lorem lorem lorem.\nLorem lorem lorem. Lorem lorem lorem. Lorem lorem lorem.\nLorem lorem lorem. Lorem lorem lorem. Lorem lorem lorem.\nLorem lorem lorem. Lorem lorem lorem. Lorem lorem lorem.\nLorem lorem lorem. Lorem lorem lorem. Lorem lorem lorem.\n","publishDate":"2022-06-23T15:23:44.6017408+00:00"},{"id":41,"title":"Book 41","description":"Lorem lorem lorem. Lorem lorem lorem. Lorem lorem lorem.\n","pageCount":4100,"excerpt":"Lorem lorem lorem. Lorem lorem lorem. Lorem lorem lorem.\nLorem lorem lorem. Lorem lorem lorem. Lorem lorem lorem.\nLorem lorem lorem. Lorem lorem lorem. Lorem lorem lorem.\nLorem lorem lorem. Lorem lorem lorem. Lorem lorem lorem.\nLorem lorem lorem. Lorem lorem lorem. Lorem lorem lorem.\n","publishDate":"2022-06-22T15:23:44.6017512+00:00"},{"id":42,"title":"Book 42","description":"Lorem lorem lorem. Lorem lorem lorem. Lorem lorem lorem.\n","pageCount":4200,"excerpt":"Lorem lorem lorem. Lorem lorem lorem. Lorem lorem lorem.\nLorem lorem lorem. Lorem lorem lorem. Lorem lorem lorem.\nLorem lorem lorem. Lorem lorem lorem. Lorem lorem lorem.\nLorem lorem lorem. Lorem lorem lorem. Lorem lorem lorem.\nLorem lorem lorem. Lorem lorem lorem. Lorem lorem lorem.\n","publishDate":"2022-06-21T15:23:44.60176+00:00"},{"id":43,"title":"Book 43","description":"Lorem lorem lorem. Lorem lorem lorem. Lorem lorem lorem.\n","pageCount":4300,"excerpt":"Lorem lorem lorem. Lorem lorem lorem. Lorem lorem lorem.\nLorem lorem lorem. Lorem lorem lorem. Lorem lorem lorem.\nLorem lorem lorem. Lorem lorem lorem. Lorem lorem lorem.\nLorem lorem lorem. Lorem lorem lorem. Lorem lorem lorem.\nLorem lorem lorem. Lorem lorem lorem. Lorem lorem lorem.\n","publishDate":"2022-06-20T15:23:44.6017704+00:00"},{"id":44,"title":"Book 44","description":"Lorem lorem lorem. Lorem lorem lorem. Lorem lorem lorem.\n","pageCount":4400,"excerpt":"Lorem lorem lorem. Lorem lorem lorem. Lorem lorem lorem.\nLorem lorem lorem. Lorem lorem lorem. Lorem lorem lorem.\nLorem lorem lorem. Lorem lorem lorem. Lorem lorem lorem.\nLorem lorem lorem. Lorem lorem lorem. Lorem lorem lorem.\nLorem lorem lorem. Lorem lorem lorem. Lorem lorem lorem.\n","publishDate":"2022-06-19T15:23:44.6017793+00:00"},{"id":45,"title":"Book 45","description":"Lorem lorem lorem. Lorem lorem lorem. Lorem lorem lorem.\n","pageCount":4500,"excerpt":"Lorem lorem lorem. Lorem lorem lorem. Lorem lorem lorem.\nLorem lorem lorem. Lorem lorem lorem. Lorem lorem lorem.\nLorem lorem lorem. Lorem lorem lorem. Lorem lorem lorem.\nLorem lorem lorem. Lorem lorem lorem. Lorem lorem lorem.\nLorem lorem lorem. Lorem lorem lorem. Lorem lorem lorem.\n","publishDate":"2022-06-18T15:23:44.6017897+00:00"},{"id":46,"title":"Book 46","description":"Lorem lorem lorem. Lorem lorem lorem. Lorem lorem lorem.\n","pageCount":4600,"excerpt":"Lorem lorem lorem. Lorem lorem lorem. Lorem lorem lorem.\nLorem lorem lorem. Lorem lorem lorem. Lorem lorem lorem.\nLorem lorem lorem. Lorem lorem lorem. Lorem lorem lorem.\nLorem lorem lorem. Lorem lorem lorem. Lorem lorem lorem.\nLorem lorem lorem. Lorem lorem lorem. Lorem lorem lorem.\n","publishDate":"2022-06-17T15:23:44.6017984+00:00"},{"id":47,"title":"Book 47","description":"Lorem lorem lorem. Lorem lorem lorem. Lorem lorem lorem.\n","pageCount":4700,"excerpt":"Lorem lorem lorem. Lorem lorem lorem. Lorem lorem lorem.\nLorem lorem lorem. Lorem lorem lorem. Lorem lorem lorem.\nLorem lorem lorem. Lorem lorem lorem. Lorem lorem lorem.\nLorem lorem lorem. Lorem lorem lorem. Lorem lorem lorem.\nLorem lorem lorem. Lorem lorem lorem. Lorem lorem lorem.\n","publishDate":"2022-06-16T15:23:44.6018087+00:00"},{"id":48,"title":"Book 48","description":"Lorem lorem lorem. Lorem lorem lorem. Lorem lorem lorem.\n","pageCount":4800,"excerpt":"Lorem lorem lorem. Lorem lorem lorem. Lorem lorem lorem.\nLorem lorem lorem. Lorem lorem lorem. Lorem lorem lorem.\nLorem lorem lorem. Lorem lorem lorem. Lorem lorem lorem.\nLorem lorem lorem. Lorem lorem lorem. Lorem lorem lorem.\nLorem lorem lorem. Lorem lorem lorem. Lorem lorem lorem.\n","publishDate":"2022-06-15T15:23:44.6018176+00:00"},{"id":49,"title":"Book 49","description":"Lorem lorem lorem. Lorem lorem lorem. Lorem lorem lorem.\n","pageCount":4900,"excerpt":"Lorem lorem lorem. Lorem lorem lorem. Lorem lorem lorem.\nLorem lorem lorem. Lorem lorem lorem. Lorem lorem lorem.\nLorem lorem lorem. Lorem lorem lorem. Lorem lorem lorem.\nLorem lorem lorem. Lorem lorem lorem. Lorem lorem lorem.\nLorem lorem lorem. Lorem lorem lorem. Lorem lorem lorem.\n","publishDate":"2022-06-14T15:23:44.6018264+00:00"},{"id":50,"title":"Book 50","description":"Lorem lorem lorem. Lorem lorem lorem. Lorem lorem lorem.\n","pageCount":5000,"excerpt":"Lorem lorem lorem. Lorem lorem lorem. Lorem lorem lorem.\nLorem lorem lorem. Lorem lorem lorem. Lorem lorem lorem.\nLorem lorem lorem. Lorem lorem lorem. Lorem lorem lorem.\nLorem lorem lorem. Lorem lorem lorem. Lorem lorem lorem.\nLorem lorem lorem. Lorem lorem lorem. Lorem lorem lorem.\n","publishDate":"2022-06-13T15:23:44.6018367+00:00"},{"id":51,"title":"Book 51","description":"Lorem lorem lorem. Lorem lorem lorem. Lorem lorem lorem.\n","pageCount":5100,"excerpt":"Lorem lorem lorem. Lorem lorem lorem. Lorem lorem lorem.\nLorem lorem lorem. Lorem lorem lorem. Lorem lorem lorem.\nLorem lorem lorem. Lorem lorem lorem. Lorem lorem lorem.\nLorem lorem lorem. Lorem lorem lorem. Lorem lorem lorem.\nLorem lorem lorem. Lorem lorem lorem. Lorem lorem lorem.\n","publishDate":"2022-06-12T15:23:44.6018455+00:00"},{"id":52,"title":"Book 52","description":"Lorem lorem lorem. Lorem lorem lorem. Lorem lorem lorem.\n","pageCount":5200,"excerpt":"Lorem lorem lorem. Lorem lorem lorem. Lorem lorem lorem.\nLorem lorem lorem. Lorem lorem lorem. Lorem lorem lorem.\nLorem lorem lorem. Lorem lorem lorem. Lorem lorem lorem.\nLorem lorem lorem. Lorem lorem lorem. Lorem lorem lorem.\nLorem lorem lorem. Lorem lorem lorem. Lorem lorem lorem.\n","publishDate":"2022-06-11T15:23:44.6018558+00:00"},{"id":53,"title":"Book 53","description":"Lorem lorem lorem. Lorem lorem lorem. Lorem lorem lorem.\n","pageCount":5300,"excerpt":"Lorem lorem lorem. Lorem lorem lorem. Lorem lorem lorem.\nLorem lorem lorem. Lorem lorem lorem. Lorem lorem lorem.\nLorem lorem lorem. Lorem lorem lorem. Lorem lorem lorem.\nLorem lorem lorem. Lorem lorem lorem. Lorem lorem lorem.\nLorem lorem lorem. Lorem lorem lorem. Lorem lorem lorem.\n","publishDate":"2022-06-10T15:23:44.6018647+00:00"},{"id":54,"title":"Book 54","description":"Lorem lorem lorem. Lorem lorem lorem. Lorem lorem lorem.\n","pageCount":5400,"excerpt":"Lorem lorem lorem. Lorem lorem lorem. Lorem lorem lorem.\nLorem lorem lorem. Lorem lorem lorem. Lorem lorem lorem.\nLorem lorem lorem. Lorem lorem lorem. Lorem lorem lorem.\nLorem lorem lorem. Lorem lorem lorem. Lorem lorem lorem.\nLorem lorem lorem. Lorem lorem lorem. Lorem lorem lorem.\n","publishDate":"2022-06-09T15:23:44.6018749+00:00"},{"id":55,"title":"Book 55","description":"Lorem lorem lorem. Lorem lorem lorem. Lorem lorem lorem.\n","pageCount":5500,"excerpt":"Lorem lorem lorem. Lorem lorem lorem. Lorem lorem lorem.\nLorem lorem lorem. Lorem lorem lorem. Lorem lorem lorem.\nLorem lorem lorem. Lorem lorem lorem. Lorem lorem lorem.\nLorem lorem lorem. Lorem lorem lorem. Lorem lorem lorem.\nLorem lorem lorem. Lorem lorem lorem. Lorem lorem lorem.\n","publishDate":"2022-06-08T15:23:44.6018836+00:00"},{"id":56,"title":"Book 56","description":"Lorem lorem lorem. Lorem lorem lorem. Lorem lorem lorem.\n","pageCount":5600,"excerpt":"Lorem lorem lorem. Lorem lorem lorem. Lorem lorem lorem.\nLorem lorem lorem. Lorem lorem lorem. Lorem lorem lorem.\nLorem lorem lorem. Lorem lorem lorem. Lorem lorem lorem.\nLorem lorem lorem. Lorem lorem lorem. Lorem lorem lorem.\nLorem lorem lorem. Lorem lorem lorem. Lorem lorem lorem.\n","publishDate":"2022-06-07T15:23:44.601894+00:00"},{"id":57,"title":"Book 57","description":"Lorem lorem lorem. Lorem lorem lorem. Lorem lorem lorem.\n","pageCount":5700,"excerpt":"Lorem lorem lorem. Lorem lorem lorem. Lorem lorem lorem.\nLorem lorem lorem. Lorem lorem lorem. Lorem lorem lorem.\nLorem lorem lorem. Lorem lorem lorem. Lorem lorem lorem.\nLorem lorem lorem. Lorem lorem lorem. Lorem lorem lorem.\nLorem lorem lorem. Lorem lorem lorem. Lorem lorem lorem.\n","publishDate":"2022-06-06T15:23:44.6019027+00:00"},{"id":58,"title":"Book 58","description":"Lorem lorem lorem. Lorem lorem lorem. Lorem lorem lorem.\n","pageCount":5800,"excerpt":"Lorem lorem lorem. Lorem lorem lorem. Lorem lorem lorem.\nLorem lorem lorem. Lorem lorem lorem. Lorem lorem lorem.\nLorem lorem lorem. Lorem lorem lorem. Lorem lorem lorem.\nLorem lorem lorem. Lorem lorem lorem. Lorem lorem lorem.\nLorem lorem lorem. Lorem lorem lorem. Lorem lorem lorem.\n","publishDate":"2022-06-05T15:23:44.6019134+00:00"},{"id":59,"title":"Book 59","description":"Lorem lorem lorem. Lorem lorem lorem. Lorem lorem lorem.\n","pageCount":5900,"excerpt":"Lorem lorem lorem. Lorem lorem lorem. Lorem lorem lorem.\nLorem lorem lorem. Lorem lorem lorem. Lorem lorem lorem.\nLorem lorem lorem. Lorem lorem lorem. Lorem lorem lorem.\nLorem lorem lorem. Lorem lorem lorem. Lorem lorem lorem.\nLorem lorem lorem. Lorem lorem lorem. Lorem lorem lorem.\n","publishDate":"2022-06-04T15:23:44.6019222+00:00"},{"id":60,"title":"Book 60","description":"Lorem lorem lorem. Lorem lorem lorem. Lorem lorem lorem.\n","pageCount":6000,"excerpt":"Lorem lorem lorem. Lorem lorem lorem. Lorem lorem lorem.\nLorem lorem lorem. Lorem lorem lorem. Lorem lorem lorem.\nLorem lorem lorem. Lorem lorem lorem. Lorem lorem lorem.\nLorem lorem lorem. Lorem lorem lorem. Lorem lorem lorem.\nLorem lorem lorem. Lorem lorem lorem. Lorem lorem lorem.\n","publishDate":"2022-06-03T15:23:44.6019325+00:00"},{"id":61,"title":"Book 61","description":"Lorem lorem lorem. Lorem lorem lorem. Lorem lorem lorem.\n","pageCount":6100,"excerpt":"Lorem lorem lorem. Lorem lorem lorem. Lorem lorem lorem.\nLorem lorem lorem. Lorem lorem lorem. Lorem lorem lorem.\nLorem lorem lorem. Lorem lorem lorem. Lorem lorem lorem.\nLorem lorem lorem. Lorem lorem lorem. Lorem lorem lorem.\nLorem lorem lorem. Lorem lorem lorem. Lorem lorem lorem.\n","publishDate":"2022-06-02T15:23:44.6019414+00:00"},{"id":62,"title":"Book 62","description":"Lorem lorem lorem. Lorem lorem lorem. Lorem lorem lorem.\n","pageCount":6200,"excerpt":"Lorem lorem lorem. Lorem lorem lorem. Lorem lorem lorem.\nLorem lorem lorem. Lorem lorem lorem. Lorem lorem lorem.\nLorem lorem lorem. Lorem lorem lorem. Lorem lorem lorem.\nLorem lorem lorem. Lorem lorem lorem. Lorem lorem lorem.\nLorem lorem lorem. Lorem lorem lorem. Lorem lorem lorem.\n","publishDate":"2022-06-01T15:23:44.6019502+00:00"},{"id":63,"title":"Book 63","description":"Lorem lorem lorem. Lorem lorem lorem. Lorem lorem lorem.\n","pageCount":6300,"excerpt":"Lorem lorem lorem. Lorem lorem lorem. Lorem lorem lorem.\nLorem lorem lorem. Lorem lorem lorem. Lorem lorem lorem.\nLorem lorem lorem. Lorem lorem lorem. Lorem lorem lorem.\nLorem lorem lorem. Lorem lorem lorem. Lorem lorem lorem.\nLorem lorem lorem. Lorem lorem lorem. Lorem lorem lorem.\n","publishDate":"2022-05-31T15:23:44.601961+00:00"},{"id":64,"title":"Book 64","description":"Lorem lorem lorem. Lorem lorem lorem. Lorem lorem lorem.\n","pageCount":6400,"excerpt":"Lorem lorem lorem. Lorem lorem lorem. Lorem lorem lorem.\nLorem lorem lorem. Lorem lorem lorem. Lorem lorem lorem.\nLorem lorem lorem. Lorem lorem lorem. Lorem lorem lorem.\nLorem lorem lorem. Lorem lorem lorem. Lorem lorem lorem.\nLorem lorem lorem. Lorem lorem lorem. Lorem lorem lorem.\n","publishDate":"2022-05-30T15:23:44.6019699+00:00"},{"id":65,"title":"Book 65","description":"Lorem lorem lorem. Lorem lorem lorem. Lorem lorem lorem.\n","pageCount":6500,"excerpt":"Lorem lorem lorem. Lorem lorem lorem. Lorem lorem lorem.\nLorem lorem lorem. Lorem lorem lorem. Lorem lorem lorem.\nLorem lorem lorem. Lorem lorem lorem. Lorem lorem lorem.\nLorem lorem lorem. Lorem lorem lorem. Lorem lorem lorem.\nLorem lorem lorem. Lorem lorem lorem. Lorem lorem lorem.\n","publishDate":"2022-05-29T15:23:44.6019801+00:00"},{"id":66,"title":"Book 66","description":"Lorem lorem lorem. Lorem lorem lorem. Lorem lorem lorem.\n","pageCount":6600,"excerpt":"Lorem lorem lorem. Lorem lorem lorem. Lorem lorem lorem.\nLorem lorem lorem. Lorem lorem lorem. Lorem lorem lorem.\nLorem lorem lorem. Lorem lorem lorem. Lorem lorem lorem.\nLorem lorem lorem. Lorem lorem lorem. Lorem lorem lorem.\nLorem lorem lorem. Lorem lorem lorem. Lorem lorem lorem.\n","publishDate":"2022-05-28T15:23:44.601989+00:00"},{"id":67,"title":"Book 67","description":"Lorem lorem lorem. Lorem lorem lorem. Lorem lorem lorem.\n","pageCount":6700,"excerpt":"Lorem lorem lorem. Lorem lorem lorem. Lorem lorem lorem.\nLorem lorem lorem. Lorem lorem lorem. Lorem lorem lorem.\nLorem lorem lorem. Lorem lorem lorem. Lorem lorem lorem.\nLorem lorem lorem. Lorem lorem lorem. Lorem lorem lorem.\nLorem lorem lorem. Lorem lorem lorem. Lorem lorem lorem.\n","publishDate":"2022-05-27T15:23:44.6019993+00:00"},{"id":68,"title":"Book 68","description":"Lorem lorem lorem. Lorem lorem lorem. Lorem lorem lorem.\n","pageCount":6800,"excerpt":"Lorem lorem lorem. Lorem lorem lorem. Lorem lorem lorem.\nLorem lorem lorem. Lorem lorem lorem. Lorem lorem lorem.\nLorem lorem lorem. Lorem lorem lorem. Lorem lorem lorem.\nLorem lorem lorem. Lorem lorem lorem. Lorem lorem lorem.\nLorem lorem lorem. Lorem lorem lorem. Lorem lorem lorem.\n","publishDate":"2022-05-26T15:23:44.6020081+00:00"},{"id":69,"title":"Book 69","description":"Lorem lorem lorem. Lorem lorem lorem. Lorem lorem lorem.\n","pageCount":6900,"excerpt":"Lorem lorem lorem. Lorem lorem lorem. Lorem lorem lorem.\nLorem lorem lorem. Lorem lorem lorem. Lorem lorem lorem.\nLorem lorem lorem. Lorem lorem lorem. Lorem lorem lorem.\nLorem lorem lorem. Lorem lorem lorem. Lorem lorem lorem.\nLorem lorem lorem. Lorem lorem lorem. Lorem lorem lorem.\n","publishDate":"2022-05-25T15:23:44.6020184+00:00"},{"id":70,"title":"Book 70","description":"Lorem lorem lorem. Lorem lorem lorem. Lorem lorem lorem.\n","pageCount":7000,"excerpt":"Lorem lorem lorem. Lorem lorem lorem. Lorem lorem lorem.\nLorem lorem lorem. Lorem lorem lorem. Lorem lorem lorem.\nLorem lorem lorem. Lorem lorem lorem. Lorem lorem lorem.\nLorem lorem lorem. Lorem lorem lorem. Lorem lorem lorem.\nLorem lorem lorem. Lorem lorem lorem. Lorem lorem lorem.\n","publishDate":"2022-05-24T15:23:44.6020273+00:00"},{"id":71,"title":"Book 71","description":"Lorem lorem lorem. Lorem lorem lorem. Lorem lorem lorem.\n","pageCount":7100,"excerpt":"Lorem lorem lorem. Lorem lorem lorem. Lorem lorem lorem.\nLorem lorem lorem. Lorem lorem lorem. Lorem lorem lorem.\nLorem lorem lorem. Lorem lorem lorem. Lorem lorem lorem.\nLorem lorem lorem. Lorem lorem lorem. Lorem lorem lorem.\nLorem lorem lorem. Lorem lorem lorem. Lorem lorem lorem.\n","publishDate":"2022-05-23T15:23:44.6020375+00:00"},{"id":72,"title":"Book 72","description":"Lorem lorem lorem. Lorem lorem lorem. Lorem lorem lorem.\n","pageCount":7200,"excerpt":"Lorem lorem lorem. Lorem lorem lorem. Lorem lorem lorem.\nLorem lorem lorem. Lorem lorem lorem. Lorem lorem lorem.\nLorem lorem lorem. Lorem lorem lorem. Lorem lorem lorem.\nLorem lorem lorem. Lorem lorem lorem. Lorem lorem lorem.\nLorem lorem lorem. Lorem lorem lorem. Lorem lorem lorem.\n","publishDate":"2022-05-22T15:23:44.6020464+00:00"},{"id":73,"title":"Book 73","description":"Lorem lorem lorem. Lorem lorem lorem. Lorem lorem lorem.\n","pageCount":7300,"excerpt":"Lorem lorem lorem. Lorem lorem lorem. Lorem lorem lorem.\nLorem lorem lorem. Lorem lorem lorem. Lorem lorem lorem.\nLorem lorem lorem. Lorem lorem lorem. Lorem lorem lorem.\nLorem lorem lorem. Lorem lorem lorem. Lorem lorem lorem.\nLorem lorem lorem. Lorem lorem lorem. Lorem lorem lorem.\n","publishDate":"2022-05-21T15:23:44.6020566+00:00"},{"id":74,"title":"Book 74","description":"Lorem lorem lorem. Lorem lorem lorem. Lorem lorem lorem.\n","pageCount":7400,"excerpt":"Lorem lorem lorem. Lorem lorem lorem. Lorem lorem lorem.\nLorem lorem lorem. Lorem lorem lorem. Lorem lorem lorem.\nLorem lorem lorem. Lorem lorem lorem. Lorem lorem lorem.\nLorem lorem lorem. Lorem lorem lorem. Lorem lorem lorem.\nLorem lorem lorem. Lorem lorem lorem. Lorem lorem lorem.\n","publishDate":"2022-05-20T15:23:44.6020655+00:00"},{"id":75,"title":"Book 75","description":"Lorem lorem lorem. Lorem lorem lorem. Lorem lorem lorem.\n","pageCount":7500,"excerpt":"Lorem lorem lorem. Lorem lorem lorem. Lorem lorem lorem.\nLorem lorem lorem. Lorem lorem lorem. Lorem lorem lorem.\nLorem lorem lorem. Lorem lorem lorem. Lorem lorem lorem.\nLorem lorem lorem. Lorem lorem lorem. Lorem lorem lorem.\nLorem lorem lorem. Lorem lorem lorem. Lorem lorem lorem.\n","publishDate":"2022-05-19T15:23:44.6020757+00:00"},{"id":76,"title":"Book 76","description":"Lorem lorem lorem. Lorem lorem lorem. Lorem lorem lorem.\n","pageCount":7600,"excerpt":"Lorem lorem lorem. Lorem lorem lorem. Lorem lorem lorem.\nLorem lorem lorem. Lorem lorem lorem. Lorem lorem lorem.\nLorem lorem lorem. Lorem lorem lorem. Lorem lorem lorem.\nLorem lorem lorem. Lorem lorem lorem. Lorem lorem lorem.\nLorem lorem lorem. Lorem lorem lorem. Lorem lorem lorem.\n","publishDate":"2022-05-18T15:23:44.6020844+00:00"},{"id":77,"title":"Book 77","description":"Lorem lorem lorem. Lorem lorem lorem. Lorem lorem lorem.\n","pageCount":7700,"excerpt":"Lorem lorem lorem. Lorem lorem lorem. Lorem lorem lorem.\nLorem lorem lorem. Lorem lorem lorem. Lorem lorem lorem.\nLorem lorem lorem. Lorem lorem lorem. Lorem lorem lorem.\nLorem lorem lorem. Lorem lorem lorem. Lorem lorem lorem.\nLorem lorem lorem. Lorem lorem lorem. Lorem lorem lorem.\n","publishDate":"2022-05-17T15:23:44.6020948+00:00"},{"id":78,"title":"Book 78","description":"Lorem lorem lorem. Lorem lorem lorem. Lorem lorem lorem.\n","pageCount":7800,"excerpt":"Lorem lorem lorem. Lorem lorem lorem. Lorem lorem lorem.\nLorem lorem lorem. Lorem lorem lorem. Lorem lorem lorem.\nLorem lorem lorem. Lorem lorem lorem. Lorem lorem lorem.\nLorem lorem lorem. Lorem lorem lorem. Lorem lorem lorem.\nLorem lorem lorem. Lorem lorem lorem. Lorem lorem lorem.\n","publishDate":"2022-05-16T15:23:44.6021036+00:00"},{"id":79,"title":"Book 79","description":"Lorem lorem lorem. Lorem lorem lorem. Lorem lorem lorem.\n","pageCount":7900,"excerpt":"Lorem lorem lorem. Lorem lorem lorem. Lorem lorem lorem.\nLorem lorem lorem. Lorem lorem lorem. Lorem lorem lorem.\nLorem lorem lorem. Lorem lorem lorem. Lorem lorem lorem.\nLorem lorem lorem. Lorem lorem lorem. Lorem lorem lorem.\nLorem lorem lorem. Lorem lorem lorem. Lorem lorem lorem.\n","publishDate":"2022-05-15T15:23:44.6021125+00:00"},{"id":80,"title":"Book 80","description":"Lorem lorem lorem. Lorem lorem lorem. Lorem lorem lorem.\n","pageCount":8000,"excerpt":"Lorem lorem lorem. Lorem lorem lorem. Lorem lorem lorem.\nLorem lorem lorem. Lorem lorem lorem. Lorem lorem lorem.\nLorem lorem lorem. Lorem lorem lorem. Lorem lorem lorem.\nLorem lorem lorem. Lorem lorem lorem. Lorem lorem lorem.\nLorem lorem lorem. Lorem lorem lorem. Lorem lorem lorem.\n","publishDate":"2022-05-14T15:23:44.6021228+00:00"},{"id":81,"title":"Book 81","description":"Lorem lorem lorem. Lorem lorem lorem. Lorem lorem lorem.\n","pageCount":8100,"excerpt":"Lorem lorem lorem. Lorem lorem lorem. Lorem lorem lorem.\nLorem lorem lorem. Lorem lorem lorem. Lorem lorem lorem.\nLorem lorem lorem. Lorem lorem lorem. Lorem lorem lorem.\nLorem lorem lorem. Lorem lorem lorem. Lorem lorem lorem.\nLorem lorem lorem. Lorem lorem lorem. Lorem lorem lorem.\n","publishDate":"2022-05-13T15:23:44.6021319+00:00"},{"id":82,"title":"Book 82","description":"Lorem lorem lorem. Lorem lorem lorem. Lorem lorem lorem.\n","pageCount":8200,"excerpt":"Lorem lorem lorem. Lorem lorem lorem. Lorem lorem lorem.\nLorem lorem lorem. Lorem lorem lorem. Lorem lorem lorem.\nLorem lorem lorem. Lorem lorem lorem. Lorem lorem lorem.\nLorem lorem lorem. Lorem lorem lorem. Lorem lorem lorem.\nLorem lorem lorem. Lorem lorem lorem. Lorem lorem lorem.\n","publishDate":"2022-05-12T15:23:44.6021422+00:00"},{"id":83,"title":"Book 83","description":"Lorem lorem lorem. Lorem lorem lorem. Lorem lorem lorem.\n","pageCount":8300,"excerpt":"Lorem lorem lorem. Lorem lorem lorem. Lorem lorem lorem.\nLorem lorem lorem. Lorem lorem lorem. Lorem lorem lorem.\nLorem lorem lorem. Lorem lorem lorem. Lorem lorem lorem.\nLorem lorem lorem. Lorem lorem lorem. Lorem lorem lorem.\nLorem lorem lorem. Lorem lorem lorem. Lorem lorem lorem.\n","publishDate":"2022-05-11T15:23:44.602151+00:00"},{"id":84,"title":"Book 84","description":"Lorem lorem lorem. Lorem lorem lorem. Lorem lorem lorem.\n","pageCount":8400,"excerpt":"Lorem lorem lorem. Lorem lorem lorem. Lorem lorem lorem.\nLorem lorem lorem. Lorem lorem lorem. Lorem lorem lorem.\nLorem lorem lorem. Lorem lorem lorem. Lorem lorem lorem.\nLorem lorem lorem. Lorem lorem lorem. Lorem lorem lorem.\nLorem lorem lorem. Lorem lorem lorem. Lorem lorem lorem.\n","publishDate":"2022-05-10T15:23:44.6021618+00:00"},{"id":85,"title":"Book 85","description":"Lorem lorem lorem. Lorem lorem lorem. Lorem lorem lorem.\n","pageCount":8500,"excerpt":"Lorem lorem lorem. Lorem lorem lorem. Lorem lorem lorem.\nLorem lorem lorem. Lorem lorem lorem. Lorem lorem lorem.\nLorem lorem lorem. Lorem lorem lorem. Lorem lorem lorem.\nLorem lorem lorem. Lorem lorem lorem. Lorem lorem lorem.\nLorem lorem lorem. Lorem lorem lorem. Lorem lorem lorem.\n","publishDate":"2022-05-09T15:23:44.6021707+00:00"},{"id":86,"title":"Book 86","description":"Lorem lorem lorem. Lorem lorem lorem. Lorem lorem lorem.\n","pageCount":8600,"excerpt":"Lorem lorem lorem. Lorem lorem lorem. Lorem lorem lorem.\nLorem lorem lorem. Lorem lorem lorem. Lorem lorem lorem.\nLorem lorem lorem. Lorem lorem lorem. Lorem lorem lorem.\nLorem lorem lorem. Lorem lorem lorem. Lorem lorem lorem.\nLorem lorem lorem. Lorem lorem lorem. Lorem lorem lorem.\n","publishDate":"2022-05-08T15:23:44.6021809+00:00"},{"id":87,"title":"Book 87","description":"Lorem lorem lorem. Lorem lorem lorem. Lorem lorem lorem.\n","pageCount":8700,"excerpt":"Lorem lorem lorem. Lorem lorem lorem. Lorem lorem lorem.\nLorem lorem lorem. Lorem lorem lorem. Lorem lorem lorem.\nLorem lorem lorem. Lorem lorem lorem. Lorem lorem lorem.\nLorem lorem lorem. Lorem lorem lorem. Lorem lorem lorem.\nLorem lorem lorem. Lorem lorem lorem. Lorem lorem lorem.\n","publishDate":"2022-05-07T15:23:44.6021901+00:00"},{"id":88,"title":"Book 88","description":"Lorem lorem lorem. Lorem lorem lorem. Lorem lorem lorem.\n","pageCount":8800,"excerpt":"Lorem lorem lorem. Lorem lorem lorem. Lorem lorem lorem.\nLorem lorem lorem. Lorem lorem lorem. Lorem lorem lorem.\nLorem lorem lorem. Lorem lorem lorem. Lorem lorem lorem.\nLorem lorem lorem. Lorem lorem lorem. Lorem lorem lorem.\nLorem lorem lorem. Lorem lorem lorem. Lorem lorem lorem.\n","publishDate":"2022-05-06T15:23:44.6022005+00:00"},{"id":89,"title":"Book 89","description":"Lorem lorem lorem. Lorem lorem lorem. Lorem lorem lorem.\n","pageCount":8900,"excerpt":"Lorem lorem lorem. Lorem lorem lorem. Lorem lorem lorem.\nLorem lorem lorem. Lorem lorem lorem. Lorem lorem lorem.\nLorem lorem lorem. Lorem lorem lorem. Lorem lorem lorem.\nLorem lorem lorem. Lorem lorem lorem. Lorem lorem lorem.\nLorem lorem lorem. Lorem lorem lorem. Lorem lorem lorem.\n","publishDate":"2022-05-05T15:23:44.6022093+00:00"},{"id":90,"title":"Book 90","description":"Lorem lorem lorem. Lorem lorem lorem. Lorem lorem lorem.\n","pageCount":9000,"excerpt":"Lorem lorem lorem. Lorem lorem lorem. Lorem lorem lorem.\nLorem lorem lorem. Lorem lorem lorem. Lorem lorem lorem.\nLorem lorem lorem. Lorem lorem lorem. Lorem lorem lorem.\nLorem lorem lorem. Lorem lorem lorem. Lorem lorem lorem.\nLorem lorem lorem. Lorem lorem lorem. Lorem lorem lorem.\n","publishDate":"2022-05-04T15:23:44.6022197+00:00"},{"id":91,"title":"Book 91","description":"Lorem lorem lorem. Lorem lorem lorem. Lorem lorem lorem.\n","pageCount":9100,"excerpt":"Lorem lorem lorem. Lorem lorem lorem. Lorem lorem lorem.\nLorem lorem lorem. Lorem lorem lorem. Lorem lorem lorem.\nLorem lorem lorem. Lorem lorem lorem. Lorem lorem lorem.\nLorem lorem lorem. Lorem lorem lorem. Lorem lorem lorem.\nLorem lorem lorem. Lorem lorem lorem. Lorem lorem lorem.\n","publishDate":"2022-05-03T15:23:44.6022285+00:00"},{"id":92,"title":"Book 92","description":"Lorem lorem lorem. Lorem lorem lorem. Lorem lorem lorem.\n","pageCount":9200,"excerpt":"Lorem lorem lorem. Lorem lorem lorem. Lorem lorem lorem.\nLorem lorem lorem. Lorem lorem lorem. Lorem lorem lorem.\nLorem lorem lorem. Lorem lorem lorem. Lorem lorem lorem.\nLorem lorem lorem. Lorem lorem lorem. Lorem lorem lorem.\nLorem lorem lorem. Lorem lorem lorem. Lorem lorem lorem.\n","publishDate":"2022-05-02T15:23:44.6022392+00:00"},{"id":93,"title":"Book 93","description":"Lorem lorem lorem. Lorem lorem lorem. Lorem lorem lorem.\n","pageCount":9300,"excerpt":"Lorem lorem lorem. Lorem lorem lorem. Lorem lorem lorem.\nLorem lorem lorem. Lorem lorem lorem. Lorem lorem lorem.\nLorem lorem lorem. Lorem lorem lorem. Lorem lorem lorem.\nLorem lorem lorem. Lorem lorem lorem. Lorem lorem lorem.\nLorem lorem lorem. Lorem lorem lorem. Lorem lorem lorem.\n","publishDate":"2022-05-01T15:23:44.602248+00:00"},{"id":94,"title":"Book 94","description":"Lorem lorem lorem. Lorem lorem lorem. Lorem lorem lorem.\n","pageCount":9400,"excerpt":"Lorem lorem lorem. Lorem lorem lorem. Lorem lorem lorem.\nLorem lorem lorem. Lorem lorem lorem. Lorem lorem lorem.\nLorem lorem lorem. Lorem lorem lorem. Lorem lorem lorem.\nLorem lorem lorem. Lorem lorem lorem. Lorem lorem lorem.\nLorem lorem lorem. Lorem lorem lorem. Lorem lorem lorem.\n","publishDate":"2022-04-30T15:23:44.6022569+00:00"},{"id":95,"title":"Book 95","description":"Lorem lorem lorem. Lorem lorem lorem. Lorem lorem lorem.\n","pageCount":9500,"excerpt":"Lorem lorem lorem. Lorem lorem lorem. Lorem lorem lorem.\nLorem lorem lorem. Lorem lorem lorem. Lorem lorem lorem.\nLorem lorem lorem. Lorem lorem lorem. Lorem lorem lorem.\nLorem lorem lorem. Lorem lorem lorem. Lorem lorem lorem.\nLorem lorem lorem. Lorem lorem lorem. Lorem lorem lorem.\n","publishDate":"2022-04-29T15:23:44.6022672+00:00"},{"id":96,"title":"Book 96","description":"Lorem lorem lorem. Lorem lorem lorem. Lorem lorem lorem.\n","pageCount":9600,"excerpt":"Lorem lorem lorem. Lorem lorem lorem. Lorem lorem lorem.\nLorem lorem lorem. Lorem lorem lorem. Lorem lorem lorem.\nLorem lorem lorem. Lorem lorem lorem. Lorem lorem lorem.\nLorem lorem lorem. Lorem lorem lorem. Lorem lorem lorem.\nLorem lorem lorem. Lorem lorem lorem. Lorem lorem lorem.\n","publishDate":"2022-04-28T15:23:44.6022761+00:00"},{"id":97,"title":"Book 97","description":"Lorem lorem lorem. Lorem lorem lorem. Lorem lorem lorem.\n","pageCount":9700,"excerpt":"Lorem lorem lorem. Lorem lorem lorem. Lorem lorem lorem.\nLorem lorem lorem. Lorem lorem lorem. Lorem lorem lorem.\nLorem lorem lorem. Lorem lorem lorem. Lorem lorem lorem.\nLorem lorem lorem. Lorem lorem lorem. Lorem lorem lorem.\nLorem lorem lorem. Lorem lorem lorem. Lorem lorem lorem.\n","publishDate":"2022-04-27T15:23:44.6022864+00:00"},{"id":98,"title":"Book 98","description":"Lorem lorem lorem. Lorem lorem lorem. Lorem lorem lorem.\n","pageCount":9800,"excerpt":"Lorem lorem lorem. Lorem lorem lorem. Lorem lorem lorem.\nLorem lorem lorem. Lorem lorem lorem. Lorem lorem lorem.\nLorem lorem lorem. Lorem lorem lorem. Lorem lorem lorem.\nLorem lorem lorem. Lorem lorem lorem. Lorem lorem lorem.\nLorem lorem lorem. Lorem lorem lorem. Lorem lorem lorem.\n","publishDate":"2022-04-26T15:23:44.6022952+00:00"},{"id":99,"title":"Book 99","description":"Lorem lorem lorem. Lorem lorem lorem. Lorem lorem lorem.\n","pageCount":9900,"excerpt":"Lorem lorem lorem. Lorem lorem lorem. Lorem lorem lorem.\nLorem lorem lorem. Lorem lorem lorem. Lorem lorem lorem.\nLorem lorem lorem. Lorem lorem lorem. Lorem lorem lorem.\nLorem lorem lorem. Lorem lorem lorem. Lorem lorem lorem.\nLorem lorem lorem. Lorem lorem lorem. Lorem lorem lorem.\n","publishDate":"2022-04-25T15:23:44.6089638+00:00"},{"id":100,"title":"Book 100","description":"Lorem lorem lorem. Lorem lorem lorem. Lorem lorem lorem.\n","pageCount":10000,"excerpt":"Lorem lorem lorem. Lorem lorem lorem. Lorem lorem lorem.\nLorem lorem lorem. Lorem lorem lorem. Lorem lorem lorem.\nLorem lorem lorem. Lorem lorem lorem. Lorem lorem lorem.\nLorem lorem lorem. Lorem lorem lorem. Lorem lorem lorem.\nLorem lorem lorem. Lorem lorem lorem. Lorem lorem lorem.\n","publishDate":"2022-04-24T15:23:44.6089751+00:00"},{"id":101,"title":"Book 101","description":"Lorem lorem lorem. Lorem lorem lorem. Lorem lorem lorem.\n","pageCount":10100,"excerpt":"Lorem lorem lorem. Lorem lorem lorem. Lorem lorem lorem.\nLorem lorem lorem. Lorem lorem lorem. Lorem lorem lorem.\nLorem lorem lorem. Lorem lorem lorem. Lorem lorem lorem.\nLorem lorem lorem. Lorem lorem lorem. Lorem lorem lorem.\nLorem lorem lorem. Lorem lorem lorem. Lorem lorem lorem.\n","publishDate":"2022-04-23T15:23:44.6089859+00:00"},{"id":102,"title":"Book 102","description":"Lorem lorem lorem. Lorem lorem lorem. Lorem lorem lorem.\n","pageCount":10200,"excerpt":"Lorem lorem lorem. Lorem lorem lorem. Lorem lorem lorem.\nLorem lorem lorem. Lorem lorem lorem. Lorem lorem lorem.\nLorem lorem lorem. Lorem lorem lorem. Lorem lorem lorem.\nLorem lorem lorem. Lorem lorem lorem. Lorem lorem lorem.\nLorem lorem lorem. Lorem lorem lorem. Lorem lorem lorem.\n","publishDate":"2022-04-22T15:23:44.6089949+00:00"},{"id":103,"title":"Book 103","description":"Lorem lorem lorem. Lorem lorem lorem. Lorem lorem lorem.\n","pageCount":10300,"excerpt":"Lorem lorem lorem. Lorem lorem lorem. Lorem lorem lorem.\nLorem lorem lorem. Lorem lorem lorem. Lorem lorem lorem.\nLorem lorem lorem. Lorem lorem lorem. Lorem lorem lorem.\nLorem lorem lorem. Lorem lorem lorem. Lorem lorem lorem.\nLorem lorem lorem. Lorem lorem lorem. Lorem lorem lorem.\n","publishDate":"2022-04-21T15:23:44.6090055+00:00"},{"id":104,"title":"Book 104","description":"Lorem lorem lorem. Lorem lorem lorem. Lorem lorem lorem.\n","pageCount":10400,"excerpt":"Lorem lorem lorem. Lorem lorem lorem. Lorem lorem lorem.\nLorem lorem lorem. Lorem lorem lorem. Lorem lorem lorem.\nLorem lorem lorem. Lorem lorem lorem. Lorem lorem lorem.\nLorem lorem lorem. Lorem lorem lorem. Lorem lorem lorem.\nLorem lorem lorem. Lorem lorem lorem. Lorem lorem lorem.\n","publishDate":"2022-04-20T15:23:44.6090144+00:00"},{"id":105,"title":"Book 105","description":"Lorem lorem lorem. Lorem lorem lorem. Lorem lorem lorem.\n","pageCount":10500,"excerpt":"Lorem lorem lorem. Lorem lorem lorem. Lorem lorem lorem.\nLorem lorem lorem. Lorem lorem lorem. Lorem lorem lorem.\nLorem lorem lorem. Lorem lorem lorem. Lorem lorem lorem.\nLorem lorem lorem. Lorem lorem lorem. Lorem lorem lorem.\nLorem lorem lorem. Lorem lorem lorem. Lorem lorem lorem.\n","publishDate":"2022-04-19T15:23:44.6090248+00:00"},{"id":106,"title":"Book 106","description":"Lorem lorem lorem. Lorem lorem lorem. Lorem lorem lorem.\n","pageCount":10600,"excerpt":"Lorem lorem lorem. Lorem lorem lorem. Lorem lorem lorem.\nLorem lorem lorem. Lorem lorem lorem. Lorem lorem lorem.\nLorem lorem lorem. Lorem lorem lorem. Lorem lorem lorem.\nLorem lorem lorem. Lorem lorem lorem. Lorem lorem lorem.\nLorem lorem lorem. Lorem lorem lorem. Lorem lorem lorem.\n","publishDate":"2022-04-18T15:23:44.6090336+00:00"},{"id":107,"title":"Book 107","description":"Lorem lorem lorem. Lorem lorem lorem. Lorem lorem lorem.\n","pageCount":10700,"excerpt":"Lorem lorem lorem. Lorem lorem lorem. Lorem lorem lorem.\nLorem lorem lorem. Lorem lorem lorem. Lorem lorem lorem.\nLorem lorem lorem. Lorem lorem lorem. Lorem lorem lorem.\nLorem lorem lorem. Lorem lorem lorem. Lorem lorem lorem.\nLorem lorem lorem. Lorem lorem lorem. Lorem lorem lorem.\n","publishDate":"2022-04-17T15:23:44.6090425+00:00"},{"id":108,"title":"Book 108","description":"Lorem lorem lorem. Lorem lorem lorem. Lorem lorem lorem.\n","pageCount":10800,"excerpt":"Lorem lorem lorem. Lorem lorem lorem. Lorem lorem lorem.\nLorem lorem lorem. Lorem lorem lorem. Lorem lorem lorem.\nLorem lorem lorem. Lorem lorem lorem. Lorem lorem lorem.\nLorem lorem lorem. Lorem lorem lorem. Lorem lorem lorem.\nLorem lorem lorem. Lorem lorem lorem. Lorem lorem lorem.\n","publishDate":"2022-04-16T15:23:44.6090529+00:00"},{"id":109,"title":"Book 109","description":"Lorem lorem lorem. Lorem lorem lorem. Lorem lorem lorem.\n","pageCount":10900,"excerpt":"Lorem lorem lorem. Lorem lorem lorem. Lorem lorem lorem.\nLorem lorem lorem. Lorem lorem lorem. Lorem lorem lorem.\nLorem lorem lorem. Lorem lorem lorem. Lorem lorem lorem.\nLorem lorem lorem. Lorem lorem lorem. Lorem lorem lorem.\nLorem lorem lorem. Lorem lorem lorem. Lorem lorem lorem.\n","publishDate":"2022-04-15T15:23:44.6090618+00:00"},{"id":110,"title":"Book 110","description":"Lorem lorem lorem. Lorem lorem lorem. Lorem lorem lorem.\n","pageCount":11000,"excerpt":"Lorem lorem lorem. Lorem lorem lorem. Lorem lorem lorem.\nLorem lorem lorem. Lorem lorem lorem. Lorem lorem lorem.\nLorem lorem lorem. Lorem lorem lorem. Lorem lorem lorem.\nLorem lorem lorem. Lorem lorem lorem. Lorem lorem lorem.\nLorem lorem lorem. Lorem lorem lorem. Lorem lorem lorem.\n","publishDate":"2022-04-14T15:23:44.6090721+00:00"},{"id":111,"title":"Book 111","description":"Lorem lorem lorem. Lorem lorem lorem. Lorem lorem lorem.\n","pageCount":11100,"excerpt":"Lorem lorem lorem. Lorem lorem lorem. Lorem lorem lorem.\nLorem lorem lorem. Lorem lorem lorem. Lorem lorem lorem.\nLorem lorem lorem. Lorem lorem lorem. Lorem lorem lorem.\nLorem lorem lorem. Lorem lorem lorem. Lorem lorem lorem.\nLorem lorem lorem. Lorem lorem lorem. Lorem lorem lorem.\n","publishDate":"2022-04-13T15:23:44.609081+00:00"},{"id":112,"title":"Book 112","description":"Lorem lorem lorem. Lorem lorem lorem. Lorem lorem lorem.\n","pageCount":11200,"excerpt":"Lorem lorem lorem. Lorem lorem lorem. Lorem lorem lorem.\nLorem lorem lorem. Lorem lorem lorem. Lorem lorem lorem.\nLorem lorem lorem. Lorem lorem lorem. Lorem lorem lorem.\nLorem lorem lorem. Lorem lorem lorem. Lorem lorem lorem.\nLorem lorem lorem. Lorem lorem lorem. Lorem lorem lorem.\n","publishDate":"2022-04-12T15:23:44.6090915+00:00"},{"id":113,"title":"Book 113","description":"Lorem lorem lorem. Lorem lorem lorem. Lorem lorem lorem.\n","pageCount":11300,"excerpt":"Lorem lorem lorem. Lorem lorem lorem. Lorem lorem lorem.\nLorem lorem lorem. Lorem lorem lorem. Lorem lorem lorem.\nLorem lorem lorem. Lorem lorem lorem. Lorem lorem lorem.\nLorem lorem lorem. Lorem lorem lorem. Lorem lorem lorem.\nLorem lorem lorem. Lorem lorem lorem. Lorem lorem lorem.\n","publishDate":"2022-04-11T15:23:44.6091004+00:00"},{"id":114,"title":"Book 114","description":"Lorem lorem lorem. Lorem lorem lorem. Lorem lorem lorem.\n","pageCount":11400,"excerpt":"Lorem lorem lorem. Lorem lorem lorem. Lorem lorem lorem.\nLorem lorem lorem. Lorem lorem lorem. Lorem lorem lorem.\nLorem lorem lorem. Lorem lorem lorem. Lorem lorem lorem.\nLorem lorem lorem. Lorem lorem lorem. Lorem lorem lorem.\nLorem lorem lorem. Lorem lorem lorem. Lorem lorem lorem.\n","publishDate":"2022-04-10T15:23:44.6091109+00:00"},{"id":115,"title":"Book 115","description":"Lorem lorem lorem. Lorem lorem lorem. Lorem lorem lorem.\n","pageCount":11500,"excerpt":"Lorem lorem lorem. Lorem lorem lorem. Lorem lorem lorem.\nLorem lorem lorem. Lorem lorem lorem. Lorem lorem lorem.\nLorem lorem lorem. Lorem lorem lorem. Lorem lorem lorem.\nLorem lorem lorem. Lorem lorem lorem. Lorem lorem lorem.\nLorem lorem lorem. Lorem lorem lorem. Lorem lorem lorem.\n","publishDate":"2022-04-09T15:23:44.6091197+00:00"},{"id":116,"title":"Book 116","description":"Lorem lorem lorem. Lorem lorem lorem. Lorem lorem lorem.\n","pageCount":11600,"excerpt":"Lorem lorem lorem. Lorem lorem lorem. Lorem lorem lorem.\nLorem lorem lorem. Lorem lorem lorem. Lorem lorem lorem.\nLorem lorem lorem. Lorem lorem lorem. Lorem lorem lorem.\nLorem lorem lorem. Lorem lorem lorem. Lorem lorem lorem.\nLorem lorem lorem. Lorem lorem lorem. Lorem lorem lorem.\n","publishDate":"2022-04-08T15:23:44.60913+00:00"},{"id":117,"title":"Book 117","description":"Lorem lorem lorem. Lorem lorem lorem. Lorem lorem lorem.\n","pageCount":11700,"excerpt":"Lorem lorem lorem. Lorem lorem lorem. Lorem lorem lorem.\nLorem lorem lorem. Lorem lorem lorem. Lorem lorem lorem.\nLorem lorem lorem. Lorem lorem lorem. Lorem lorem lorem.\nLorem lorem lorem. Lorem lorem lorem. Lorem lorem lorem.\nLorem lorem lorem. Lorem lorem lorem. Lorem lorem lorem.\n","publishDate":"2022-04-07T15:23:44.6091389+00:00"},{"id":118,"title":"Book 118","description":"Lorem lorem lorem. Lorem lorem lorem. Lorem lorem lorem.\n","pageCount":11800,"excerpt":"Lorem lorem lorem. Lorem lorem lorem. Lorem lorem lorem.\nLorem lorem lorem. Lorem lorem lorem. Lorem lorem lorem.\nLorem lorem lorem. Lorem lorem lorem. Lorem lorem lorem.\nLorem lorem lorem. Lorem lorem lorem. Lorem lorem lorem.\nLorem lorem lorem. Lorem lorem lorem. Lorem lorem lorem.\n","publishDate":"2022-04-06T15:23:44.6091493+00:00"},{"id":119,"title":"Book 119","description":"Lorem lorem lorem. Lorem lorem lorem. Lorem lorem lorem.\n","pageCount":11900,"excerpt":"Lorem lorem lorem. Lorem lorem lorem. Lorem lorem lorem.\nLorem lorem lorem. Lorem lorem lorem. Lorem lorem lorem.\nLorem lorem lorem. Lorem lorem lorem. Lorem lorem lorem.\nLorem lorem lorem. Lorem lorem lorem. Lorem lorem lorem.\nLorem lorem lorem. Lorem lorem lorem. Lorem lorem lorem.\n","publishDate":"2022-04-05T15:23:44.6091582+00:00"},{"id":120,"title":"Book 120","description":"Lorem lorem lorem. Lorem lorem lorem. Lorem lorem lorem.\n","pageCount":12000,"excerpt":"Lorem lorem lorem. Lorem lorem lorem. Lorem lorem lorem.\nLorem lorem lorem. Lorem lorem lorem. Lorem lorem lorem.\nLorem lorem lorem. Lorem lorem lorem. Lorem lorem lorem.\nLorem lorem lorem. Lorem lorem lorem. Lorem lorem lorem.\nLorem lorem lorem. Lorem lorem lorem. Lorem lorem lorem.\n","publishDate":"2022-04-04T15:23:44.6091937+00:00"},{"id":121,"title":"Book 121","description":"Lorem lorem lorem. Lorem lorem lorem. Lorem lorem lorem.\n","pageCount":12100,"excerpt":"Lorem lorem lorem. Lorem lorem lorem. Lorem lorem lorem.\nLorem lorem lorem. Lorem lorem lorem. Lorem lorem lorem.\nLorem lorem lorem. Lorem lorem lorem. Lorem lorem lorem.\nLorem lorem lorem. Lorem lorem lorem. Lorem lorem lorem.\nLorem lorem lorem. Lorem lorem lorem. Lorem lorem lorem.\n","publishDate":"2022-04-03T15:23:44.6092027+00:00"},{"id":122,"title":"Book 122","description":"Lorem lorem lorem. Lorem lorem lorem. Lorem lorem lorem.\n","pageCount":12200,"excerpt":"Lorem lorem lorem. Lorem lorem lorem. Lorem lorem lorem.\nLorem lorem lorem. Lorem lorem lorem. Lorem lorem lorem.\nLorem lorem lorem. Lorem lorem lorem. Lorem lorem lorem.\nLorem lorem lorem. Lorem lorem lorem. Lorem lorem lorem.\nLorem lorem lorem. Lorem lorem lorem. Lorem lorem lorem.\n","publishDate":"2022-04-02T15:23:44.6092115+00:00"},{"id":123,"title":"Book 123","description":"Lorem lorem lorem. Lorem lorem lorem. Lorem lorem lorem.\n","pageCount":12300,"excerpt":"Lorem lorem lorem. Lorem lorem lorem. Lorem lorem lorem.\nLorem lorem lorem. Lorem lorem lorem. Lorem lorem lorem.\nLorem lorem lorem. Lorem lorem lorem. Lorem lorem lorem.\nLorem lorem lorem. Lorem lorem lorem. Lorem lorem lorem.\nLorem lorem lorem. Lorem lorem lorem. Lorem lorem lorem.\n","publishDate":"2022-04-01T15:23:44.609222+00:00"},{"id":124,"title":"Book 124","description":"Lorem lorem lorem. Lorem lorem lorem. Lorem lorem lorem.\n","pageCount":12400,"excerpt":"Lorem lorem lorem. Lorem lorem lorem. Lorem lorem lorem.\nLorem lorem lorem. Lorem lorem lorem. Lorem lorem lorem.\nLorem lorem lorem. Lorem lorem lorem. Lorem lorem lorem.\nLorem lorem lorem. Lorem lorem lorem. Lorem lorem lorem.\nLorem lorem lorem. Lorem lorem lorem. Lorem lorem lorem.\n","publishDate":"2022-03-31T15:23:44.6092309+00:00"},{"id":125,"title":"Book 125","description":"Lorem lorem lorem. Lorem lorem lorem. Lorem lorem lorem.\n","pageCount":12500,"excerpt":"Lorem lorem lorem. Lorem lorem lorem. Lorem lorem lorem.\nLorem lorem lorem. Lorem lorem lorem. Lorem lorem lorem.\nLorem lorem lorem. Lorem lorem lorem. Lorem lorem lorem.\nLorem lorem lorem. Lorem lorem lorem. Lorem lorem lorem.\nLorem lorem lorem. Lorem lorem lorem. Lorem lorem lorem.\n","publishDate":"2022-03-30T15:23:44.6092413+00:00"},{"id":126,"title":"Book 126","description":"Lorem lorem lorem. Lorem lorem lorem. Lorem lorem lorem.\n","pageCount":12600,"excerpt":"Lorem lorem lorem. Lorem lorem lorem. Lorem lorem lorem.\nLorem lorem lorem. Lorem lorem lorem. Lorem lorem lorem.\nLorem lorem lorem. Lorem lorem lorem. Lorem lorem lorem.\nLorem lorem lorem. Lorem lorem lorem. Lorem lorem lorem.\nLorem lorem lorem. Lorem lorem lorem. Lorem lorem lorem.\n","publishDate":"2022-03-29T15:23:44.6092501+00:00"},{"id":127,"title":"Book 127","description":"Lorem lorem lorem. Lorem lorem lorem. Lorem lorem lorem.\n","pageCount":12700,"excerpt":"Lorem lorem lorem. Lorem lorem lorem. Lorem lorem lorem.\nLorem lorem lorem. Lorem lorem lorem. Lorem lorem lorem.\nLorem lorem lorem. Lorem lorem lorem. Lorem lorem lorem.\nLorem lorem lorem. Lorem lorem lorem. Lorem lorem lorem.\nLorem lorem lorem. Lorem lorem lorem. Lorem lorem lorem.\n","publishDate":"2022-03-28T15:23:44.6092607+00:00"},{"id":128,"title":"Book 128","description":"Lorem lorem lorem. Lorem lorem lorem. Lorem lorem lorem.\n","pageCount":12800,"excerpt":"Lorem lorem lorem. Lorem lorem lorem. Lorem lorem lorem.\nLorem lorem lorem. Lorem lorem lorem. Lorem lorem lorem.\nLorem lorem lorem. Lorem lorem lorem. Lorem lorem lorem.\nLorem lorem lorem. Lorem lorem lorem. Lorem lorem lorem.\nLorem lorem lorem. Lorem lorem lorem. Lorem lorem lorem.\n","publishDate":"2022-03-27T15:23:44.6092696+00:00"},{"id":129,"title":"Book 129","description":"Lorem lorem lorem. Lorem lorem lorem. Lorem lorem lorem.\n","pageCount":12900,"excerpt":"Lorem lorem lorem. Lorem lorem lorem. Lorem lorem lorem.\nLorem lorem lorem. Lorem lorem lorem. Lorem lorem lorem.\nLorem lorem lorem. Lorem lorem lorem. Lorem lorem lorem.\nLorem lorem lorem. Lorem lorem lorem. Lorem lorem lorem.\nLorem lorem lorem. Lorem lorem lorem. Lorem lorem lorem.\n","publishDate":"2022-03-26T15:23:44.60928+00:00"},{"id":130,"title":"Book 130","description":"Lorem lorem lorem. Lorem lorem lorem. Lorem lorem lorem.\n","pageCount":13000,"excerpt":"Lorem lorem lorem. Lorem lorem lorem. Lorem lorem lorem.\nLorem lorem lorem. Lorem lorem lorem. Lorem lorem lorem.\nLorem lorem lorem. Lorem lorem lorem. Lorem lorem lorem.\nLorem lorem lorem. Lorem lorem lorem. Lorem lorem lorem.\nLorem lorem lorem. Lorem lorem lorem. Lorem lorem lorem.\n","publishDate":"2022-03-25T15:23:44.6092897+00:00"},{"id":131,"title":"Book 131","description":"Lorem lorem lorem. Lorem lorem lorem. Lorem lorem lorem.\n","pageCount":13100,"excerpt":"Lorem lorem lorem. Lorem lorem lorem. Lorem lorem lorem.\nLorem lorem lorem. Lorem lorem lorem. Lorem lorem lorem.\nLorem lorem lorem. Lorem lorem lorem. Lorem lorem lorem.\nLorem lorem lorem. Lorem lorem lorem. Lorem lorem lorem.\nLorem lorem lorem. Lorem lorem lorem. Lorem lorem lorem.\n","publishDate":"2022-03-24T15:23:44.6093002+00:00"},{"id":132,"title":"Book 132","description":"Lorem lorem lorem. Lorem lorem lorem. Lorem lorem lorem.\n","pageCount":13200,"excerpt":"Lorem lorem lorem. Lorem lorem lorem. Lorem lorem lorem.\nLorem lorem lorem. Lorem lorem lorem. Lorem lorem lorem.\nLorem lorem lorem. Lorem lorem lorem. Lorem lorem lorem.\nLorem lorem lorem. Lorem lorem lorem. Lorem lorem lorem.\nLorem lorem lorem. Lorem lorem lorem. Lorem lorem lorem.\n","publishDate":"2022-03-23T15:23:44.609309+00:00"},{"id":133,"title":"Book 133","description":"Lorem lorem lorem. Lorem lorem lorem. Lorem lorem lorem.\n","pageCount":13300,"excerpt":"Lorem lorem lorem. Lorem lorem lorem. Lorem lorem lorem.\nLorem lorem lorem. Lorem lorem lorem. Lorem lorem lorem.\nLorem lorem lorem. Lorem lorem lorem. Lorem lorem lorem.\nLorem lorem lorem. Lorem lorem lorem. Lorem lorem lorem.\nLorem lorem lorem. Lorem lorem lorem. Lorem lorem lorem.\n","publishDate":"2022-03-22T15:23:44.6093193+00:00"},{"id":134,"title":"Book 134","description":"Lorem lorem lorem. Lorem lorem lorem. Lorem lorem lorem.\n","pageCount":13400,"excerpt":"Lorem lorem lorem. Lorem lorem lorem. Lorem lorem lorem.\nLorem lorem lorem. Lorem lorem lorem. Lorem lorem lorem.\nLorem lorem lorem. Lorem lorem lorem. Lorem lorem lorem.\nLorem lorem lorem. Lorem lorem lorem. Lorem lorem lorem.\nLorem lorem lorem. Lorem lorem lorem. Lorem lorem lorem.\n","publishDate":"2022-03-21T15:23:44.6093283+00:00"},{"id":135,"title":"Book 135","description":"Lorem lorem lorem. Lorem lorem lorem. Lorem lorem lorem.\n","pageCount":13500,"excerpt":"Lorem lorem lorem. Lorem lorem lorem. Lorem lorem lorem.\nLorem lorem lorem. Lorem lorem lorem. Lorem lorem lorem.\nLorem lorem lorem. Lorem lorem lorem. Lorem lorem lorem.\nLorem lorem lorem. Lorem lorem lorem. Lorem lorem lorem.\nLorem lorem lorem. Lorem lorem lorem. Lorem lorem lorem.\n","publishDate":"2022-03-20T15:23:44.6093388+00:00"},{"id":136,"title":"Book 136","description":"Lorem lorem lorem. Lorem lorem lorem. Lorem lorem lorem.\n","pageCount":13600,"excerpt":"Lorem lorem lorem. Lorem lorem lorem. Lorem lorem lorem.\nLorem lorem lorem. Lorem lorem lorem. Lorem lorem lorem.\nLorem lorem lorem. Lorem lorem lorem. Lorem lorem lorem.\nLorem lorem lorem. Lorem lorem lorem. Lorem lorem lorem.\nLorem lorem lorem. Lorem lorem lorem. Lorem lorem lorem.\n","publishDate":"2022-03-19T15:23:44.6093477+00:00"},{"id":137,"title":"Book 137","description":"Lorem lorem lorem. Lorem lorem lorem. Lorem lorem lorem.\n","pageCount":13700,"excerpt":"Lorem lorem lorem. Lorem lorem lorem. Lorem lorem lorem.\nLorem lorem lorem. Lorem lorem lorem. Lorem lorem lorem.\nLorem lorem lorem. Lorem lorem lorem. Lorem lorem lorem.\nLorem lorem lorem. Lorem lorem lorem. Lorem lorem lorem.\nLorem lorem lorem. Lorem lorem lorem. Lorem lorem lorem.\n","publishDate":"2022-03-18T15:23:44.609358+00:00"},{"id":138,"title":"Book 138","description":"Lorem lorem lorem. Lorem lorem lorem. Lorem lorem lorem.\n","pageCount":13800,"excerpt":"Lorem lorem lorem. Lorem lorem lorem. Lorem lorem lorem.\nLorem lorem lorem. Lorem lorem lorem. Lorem lorem lorem.\nLorem lorem lorem. Lorem lorem lorem. Lorem lorem lorem.\nLorem lorem lorem. Lorem lorem lorem. Lorem lorem lorem.\nLorem lorem lorem. Lorem lorem lorem. Lorem lorem lorem.\n","publishDate":"2022-03-17T15:23:44.6093669+00:00"},{"id":139,"title":"Book 139","description":"Lorem lorem lorem. Lorem lorem lorem. Lorem lorem lorem.\n","pageCount":13900,"excerpt":"Lorem lorem lorem. Lorem lorem lorem. Lorem lorem lorem.\nLorem lorem lorem. Lorem lorem lorem. Lorem lorem lorem.\nLorem lorem lorem. Lorem lorem lorem. Lorem lorem lorem.\nLorem lorem lorem. Lorem lorem lorem. Lorem lorem lorem.\nLorem lorem lorem. Lorem lorem lorem. Lorem lorem lorem.\n","publishDate":"2022-03-16T15:23:44.6093772+00:00"},{"id":140,"title":"Book 140","description":"Lorem lorem lorem. Lorem lorem lorem. Lorem lorem lorem.\n","pageCount":14000,"excerpt":"Lorem lorem lorem. Lorem lorem lorem. Lorem lorem lorem.\nLorem lorem lorem. Lorem lorem lorem. Lorem lorem lorem.\nLorem lorem lorem. Lorem lorem lorem. Lorem lorem lorem.\nLorem lorem lorem. Lorem lorem lorem. Lorem lorem lorem.\nLorem lorem lorem. Lorem lorem lorem. Lorem lorem lorem.\n","publishDate":"2022-03-15T15:23:44.6093861+00:00"},{"id":141,"title":"Book 141","description":"Lorem lorem lorem. Lorem lorem lorem. Lorem lorem lorem.\n","pageCount":14100,"excerpt":"Lorem lorem lorem. Lorem l
[...]
</kw>
<status status="PASS" starttime="20220802 12:23:45.354" endtime="20220802 12:23:45.357"/>
</kw>
<kw name="Conferir todos os dados corretos do livro 15" library="resourceAPI">
<kw name="Dictionary Should Contain Item" library="Collections">
<arg>${resposta.json()}</arg>
<arg>id</arg>
<arg>${book_15.id}</arg>
<doc>An item of ``key`` / ``value`` must be found in a ``dictionary``.</doc>
<status status="PASS" starttime="20220802 12:23:45.358" endtime="20220802 12:23:45.361"/>
</kw>
<kw name="Dictionary Should Contain Item" library="Collections">
<arg>${resposta.json()}</arg>
<arg>title</arg>
<arg>${book_15.title}</arg>
<doc>An item of ``key`` / ``value`` must be found in a ``dictionary``.</doc>
<status status="PASS" starttime="20220802 12:23:45.361" endtime="20220802 12:23:45.362"/>
</kw>
<kw name="Dictionary Should Contain Item" library="Collections">
<arg>${resposta.json()}</arg>
<arg>description</arg>
<arg>${book_15.description}</arg>
<doc>An item of ``key`` / ``value`` must be found in a ``dictionary``.</doc>
<status status="PASS" starttime="20220802 12:23:45.362" endtime="20220802 12:23:45.367"/>
</kw>
<kw name="Dictionary Should Contain Item" library="Collections">
<arg>${resposta.json()}</arg>
<arg>pageCount</arg>
<arg>${book_15.pageCount}</arg>
<doc>An item of ``key`` / ``value`` must be found in a ``dictionary``.</doc>
<status status="PASS" starttime="20220802 12:23:45.367" endtime="20220802 12:23:45.371"/>
</kw>
<kw name="Dictionary Should Contain Item" library="Collections">
<arg>${resposta.json()}</arg>
<arg>excerpt</arg>
<arg>${book_15.excerpt}</arg>
<doc>An item of ``key`` / ``value`` must be found in a ``dictionary``.</doc>
<status status="PASS" starttime="20220802 12:23:45.372" endtime="20220802 12:23:45.378"/>
</kw>
<kw name="Should Not Be Empty" library="BuiltIn">
<arg>${resposta.json()["publishDate"]}</arg>
<doc>Verifies that the given item is not empty.</doc>
<msg timestamp="20220802 12:23:45.381" level="INFO">Length is 33</msg>
<status status="PASS" starttime="20220802 12:23:45.378" endtime="20220802 12:23:45.381"/>
</kw>
<status status="PASS" starttime="20220802 12:23:45.358" endtime="20220802 12:23:45.384"/>
</kw>
<status status="PASS" starttime="20220802 12:23:45.132" endtime="20220802 12:23:45.389"/>
</test>
<test id="s1-t3" name="Cadastrar um novo livro (POST)" line="20">
<kw name="Cadastrar um novo livro" library="resourceAPI">
<kw name="POST On Session" library="RequestsLibrary">
<var>${resposta}</var>
<arg>fakeApi</arg>
<arg>Books</arg>
<arg>data={"id": 500, "title": "teste", "description": "teste", "pageCount": 200, "excerpt": "teste", "publishDate": "2022-08-01T19:48:26.403Z"}</arg>
<arg>headers=${headers}</arg>
<doc>Sends a POST request on a previously created HTTP Session.</doc>
<msg timestamp="20220802 12:23:45.587" level="INFO">POST Request : url=https://fakerestapi.azurewebsites.net/api/v1/Books 
 path_url=/api/v1/Books 
 headers={'User-Agent': 'python-requests/2.28.1', 'Accept-Encoding': 'gzip, deflate', 'Accept': '*/*', 'Connection': 'keep-alive', 'content-type': 'application/json', 'Content-Length': '134'} 
 body={"id": 500, "title": "teste", "description": "teste", "pageCount": 200, "excerpt": "teste", "publishDate": "2022-08-01T19:48:26.403Z"} 
 </msg>
<msg timestamp="20220802 12:23:45.587" level="INFO">POST Response : url=https://fakerestapi.azurewebsites.net/api/v1/Books 
 status=200, reason=OK 
 headers={'Content-Type': 'application/json; charset=utf-8; v=1.0', 'Date': 'Tue, 02 Aug 2022 15:23:44 GMT', 'Server': 'Kestrel', 'Transfer-Encoding': 'chunked', 'api-supported-versions': '1.0'} 
 body={"id":500,"title":"teste","description":"teste","pageCount":200,"excerpt":"teste","publishDate":"2022-08-01T19:48:26.403Z"} 
 </msg>
<msg timestamp="20220802 12:23:45.587" level="INFO">C:\Python310\lib\site-packages\urllib3\connectionpool.py:1043: InsecureRequestWarning: Unverified HTTPS request is being made to host 'fakerestapi.azurewebsites.net'. Adding certificate verification is strongly advised. See: https://urllib3.readthedocs.io/en/1.26.x/advanced-usage.html#ssl-warnings
  warnings.warn(</msg>
<msg timestamp="20220802 12:23:45.590" level="INFO">${resposta} = &lt;Response [200]&gt;</msg>
<status status="PASS" starttime="20220802 12:23:45.393" endtime="20220802 12:23:45.590"/>
</kw>
<kw name="Log" library="BuiltIn">
<arg>${resposta.text}</arg>
<doc>Logs the given message with the given level.</doc>
<msg timestamp="20220802 12:23:45.591" level="INFO">{"id":500,"title":"teste","description":"teste","pageCount":200,"excerpt":"teste","publishDate":"2022-08-01T19:48:26.403Z"}</msg>
<status status="PASS" starttime="20220802 12:23:45.590" endtime="20220802 12:23:45.591"/>
</kw>
<kw name="Set Test Variable" library="BuiltIn">
<arg>${resposta}</arg>
<doc>Makes a variable available everywhere within the scope of the current test.</doc>
<msg timestamp="20220802 12:23:45.592" level="INFO">${resposta} = &lt;Response [200]&gt;</msg>
<status status="PASS" starttime="20220802 12:23:45.591" endtime="20220802 12:23:45.592"/>
</kw>
<status status="PASS" starttime="20220802 12:23:45.392" endtime="20220802 12:23:45.592"/>
</kw>
<kw name="Conferir o status code" library="resourceAPI">
<arg>200</arg>
<kw name="Should Be Equal As Strings" library="BuiltIn">
<arg>${resposta.status_code}</arg>
<arg>${statuscode_desejado}</arg>
<doc>Fails if objects are unequal after converting them to strings.</doc>
<msg timestamp="20220802 12:23:45.611" level="INFO">Argument types are:
&lt;class 'int'&gt;
&lt;class 'str'&gt;</msg>
<status status="PASS" starttime="20220802 12:23:45.609" endtime="20220802 12:23:45.611"/>
</kw>
<status status="PASS" starttime="20220802 12:23:45.608" endtime="20220802 12:23:45.611"/>
</kw>
<kw name="Conferir o reason" library="resourceAPI">
<arg>OK</arg>
<kw name="Should Be Equal As Strings" library="BuiltIn">
<arg>${resposta.reason}</arg>
<arg>${reason_desejado}</arg>
<doc>Fails if objects are unequal after converting them to strings.</doc>
<status status="PASS" starttime="20220802 12:23:45.616" endtime="20220802 12:23:45.619"/>
</kw>
<status status="PASS" starttime="20220802 12:23:45.612" endtime="20220802 12:23:45.619"/>
</kw>
<kw name="Conferir todos os dados cadastrados para o livro &quot;500&quot;" library="resourceAPI" sourcename="Conferir todos os dados cadastrados para o livro &quot;${id_livro}&quot;">
<kw name="Conferir livro" library="resourceAPI">
<arg>${id_livro}</arg>
<kw name="Dictionary Should Contain Item" library="Collections">
<arg>${resposta.json()}</arg>
<arg>id</arg>
<arg>${book_${id_livro}.id}</arg>
<doc>An item of ``key`` / ``value`` must be found in a ``dictionary``.</doc>
<status status="PASS" starttime="20220802 12:23:45.623" endtime="20220802 12:23:45.626"/>
</kw>
<kw name="Dictionary Should Contain Item" library="Collections">
<arg>${resposta.json()}</arg>
<arg>title</arg>
<arg>${book_${id_livro}.title}</arg>
<doc>An item of ``key`` / ``value`` must be found in a ``dictionary``.</doc>
<status status="PASS" starttime="20220802 12:23:45.626" endtime="20220802 12:23:45.631"/>
</kw>
<kw name="Dictionary Should Contain Item" library="Collections">
<arg>${resposta.json()}</arg>
<arg>description</arg>
<arg>${book_${id_livro}.description}</arg>
<doc>An item of ``key`` / ``value`` must be found in a ``dictionary``.</doc>
<status status="PASS" starttime="20220802 12:23:45.632" endtime="20220802 12:23:45.640"/>
</kw>
<kw name="Dictionary Should Contain Item" library="Collections">
<arg>${resposta.json()}</arg>
<arg>pageCount</arg>
<arg>${book_${id_livro}.pageCount}</arg>
<doc>An item of ``key`` / ``value`` must be found in a ``dictionary``.</doc>
<status status="PASS" starttime="20220802 12:23:45.640" endtime="20220802 12:23:45.642"/>
</kw>
<kw name="Dictionary Should Contain Item" library="Collections">
<arg>${resposta.json()}</arg>
<arg>excerpt</arg>
<arg>${book_${id_livro}.excerpt}</arg>
<doc>An item of ``key`` / ``value`` must be found in a ``dictionary``.</doc>
<status status="PASS" starttime="20220802 12:23:45.642" endtime="20220802 12:23:45.644"/>
</kw>
<kw name="Should Not Be Empty" library="BuiltIn">
<arg>${resposta.json()["publishDate"]}</arg>
<doc>Verifies that the given item is not empty.</doc>
<msg timestamp="20220802 12:23:45.645" level="INFO">Length is 24</msg>
<status status="PASS" starttime="20220802 12:23:45.644" endtime="20220802 12:23:45.645"/>
</kw>
<status status="PASS" starttime="20220802 12:23:45.621" endtime="20220802 12:23:45.646"/>
</kw>
<status status="PASS" starttime="20220802 12:23:45.620" endtime="20220802 12:23:45.648"/>
</kw>
<status status="PASS" starttime="20220802 12:23:45.391" endtime="20220802 12:23:45.651"/>
</test>
<test id="s1-t4" name="Alterar um livro (PUT)" line="26">
<kw name="Alterar o livro &quot;150&quot;" library="resourceAPI" sourcename="Alterar o livro &quot;${id_livro}&quot;">
<kw name="PUT On Session" library="RequestsLibrary">
<var>${resposta}</var>
<arg>fakeAPI</arg>
<arg>Books/${id_livro}</arg>
<arg>data={"id": ${book_150.id},"title": "${book_150.title}","description": "${book_150.description}","pageCount": ${book_150.pageCount},"excerpt": "${book_150.excerpt}","publishDate": "${book_150.publishDate}"}</arg>
<arg>headers=${headers}</arg>
<doc>Sends a PUT request on a previously created HTTP Session.</doc>
<msg timestamp="20220802 12:23:45.856" level="INFO">PUT Request : url=https://fakerestapi.azurewebsites.net/api/v1/Books/150 
 path_url=/api/v1/Books/150 
 headers={'User-Agent': 'python-requests/2.28.1', 'Accept-Encoding': 'gzip, deflate', 'Accept': '*/*', 'Connection': 'keep-alive', 'content-type': 'application/json', 'Content-Length': '144'} 
 body={"id": 150,"title": "Book 150","description": "Livro alterado","pageCount": 300,"excerpt": "Alterado","publishDate": "2022-08-02T14:00:42.376Z"} 
 </msg>
<msg timestamp="20220802 12:23:45.857" level="INFO">PUT Response : url=https://fakerestapi.azurewebsites.net/api/v1/Books/150 
 status=200, reason=OK 
 headers={'Content-Type': 'application/json; charset=utf-8; v=1.0', 'Date': 'Tue, 02 Aug 2022 15:23:45 GMT', 'Server': 'Kestrel', 'Transfer-Encoding': 'chunked', 'api-supported-versions': '1.0'} 
 body={"id":150,"title":"Book 150","description":"Livro alterado","pageCount":300,"excerpt":"Alterado","publishDate":"2022-08-02T14:00:42.376Z"} 
 </msg>
<msg timestamp="20220802 12:23:45.857" level="INFO">C:\Python310\lib\site-packages\urllib3\connectionpool.py:1043: InsecureRequestWarning: Unverified HTTPS request is being made to host 'fakerestapi.azurewebsites.net'. Adding certificate verification is strongly advised. See: https://urllib3.readthedocs.io/en/1.26.x/advanced-usage.html#ssl-warnings
  warnings.warn(</msg>
<msg timestamp="20220802 12:23:45.859" level="INFO">${resposta} = &lt;Response [200]&gt;</msg>
<status status="PASS" starttime="20220802 12:23:45.656" endtime="20220802 12:23:45.859"/>
</kw>
<kw name="Log" library="BuiltIn">
<arg>${resposta.text}</arg>
<doc>Logs the given message with the given level.</doc>
<msg timestamp="20220802 12:23:45.861" level="INFO">{"id":150,"title":"Book 150","description":"Livro alterado","pageCount":300,"excerpt":"Alterado","publishDate":"2022-08-02T14:00:42.376Z"}</msg>
<status status="PASS" starttime="20220802 12:23:45.860" endtime="20220802 12:23:45.861"/>
</kw>
<kw name="Set Test Variable" library="BuiltIn">
<arg>${resposta}</arg>
<doc>Makes a variable available everywhere within the scope of the current test.</doc>
<msg timestamp="20220802 12:23:45.863" level="INFO">${resposta} = &lt;Response [200]&gt;</msg>
<status status="PASS" starttime="20220802 12:23:45.862" endtime="20220802 12:23:45.863"/>
</kw>
<status status="PASS" starttime="20220802 12:23:45.656" endtime="20220802 12:23:45.864"/>
</kw>
<kw name="Conferir o status code" library="resourceAPI">
<arg>200</arg>
<kw name="Should Be Equal As Strings" library="BuiltIn">
<arg>${resposta.status_code}</arg>
<arg>${statuscode_desejado}</arg>
<doc>Fails if objects are unequal after converting them to strings.</doc>
<msg timestamp="20220802 12:23:45.870" level="INFO">Argument types are:
&lt;class 'int'&gt;
&lt;class 'str'&gt;</msg>
<status status="PASS" starttime="20220802 12:23:45.867" endtime="20220802 12:23:45.870"/>
</kw>
<status status="PASS" starttime="20220802 12:23:45.866" endtime="20220802 12:23:45.870"/>
</kw>
<kw name="Conferir o reason" library="resourceAPI">
<arg>OK</arg>
<kw name="Should Be Equal As Strings" library="BuiltIn">
<arg>${resposta.reason}</arg>
<arg>${reason_desejado}</arg>
<doc>Fails if objects are unequal after converting them to strings.</doc>
<status status="PASS" starttime="20220802 12:23:45.872" endtime="20220802 12:23:45.874"/>
</kw>
<status status="PASS" starttime="20220802 12:23:45.871" endtime="20220802 12:23:45.874"/>
</kw>
<kw name="Conferir todos os dados cadastrados para o livro &quot;150&quot;" library="resourceAPI" sourcename="Conferir todos os dados cadastrados para o livro &quot;${id_livro}&quot;">
<kw name="Conferir livro" library="resourceAPI">
<arg>${id_livro}</arg>
<kw name="Dictionary Should Contain Item" library="Collections">
<arg>${resposta.json()}</arg>
<arg>id</arg>
<arg>${book_${id_livro}.id}</arg>
<doc>An item of ``key`` / ``value`` must be found in a ``dictionary``.</doc>
<status status="PASS" starttime="20220802 12:23:45.883" endtime="20220802 12:23:45.888"/>
</kw>
<kw name="Dictionary Should Contain Item" library="Collections">
<arg>${resposta.json()}</arg>
<arg>title</arg>
<arg>${book_${id_livro}.title}</arg>
<doc>An item of ``key`` / ``value`` must be found in a ``dictionary``.</doc>
<status status="PASS" starttime="20220802 12:23:45.888" endtime="20220802 12:23:45.892"/>
</kw>
<kw name="Dictionary Should Contain Item" library="Collections">
<arg>${resposta.json()}</arg>
<arg>description</arg>
<arg>${book_${id_livro}.description}</arg>
<doc>An item of ``key`` / ``value`` must be found in a ``dictionary``.</doc>
<status status="PASS" starttime="20220802 12:23:45.892" endtime="20220802 12:23:45.900"/>
</kw>
<kw name="Dictionary Should Contain Item" library="Collections">
<arg>${resposta.json()}</arg>
<arg>pageCount</arg>
<arg>${book_${id_livro}.pageCount}</arg>
<doc>An item of ``key`` / ``value`` must be found in a ``dictionary``.</doc>
<status status="PASS" starttime="20220802 12:23:45.900" endtime="20220802 12:23:45.904"/>
</kw>
<kw name="Dictionary Should Contain Item" library="Collections">
<arg>${resposta.json()}</arg>
<arg>excerpt</arg>
<arg>${book_${id_livro}.excerpt}</arg>
<doc>An item of ``key`` / ``value`` must be found in a ``dictionary``.</doc>
<status status="PASS" starttime="20220802 12:23:45.905" endtime="20220802 12:23:45.910"/>
</kw>
<kw name="Should Not Be Empty" library="BuiltIn">
<arg>${resposta.json()["publishDate"]}</arg>
<doc>Verifies that the given item is not empty.</doc>
<msg timestamp="20220802 12:23:45.912" level="INFO">Length is 24</msg>
<status status="PASS" starttime="20220802 12:23:45.910" endtime="20220802 12:23:45.913"/>
</kw>
<status status="PASS" starttime="20220802 12:23:45.879" endtime="20220802 12:23:45.913"/>
</kw>
<status status="PASS" starttime="20220802 12:23:45.875" endtime="20220802 12:23:45.915"/>
</kw>
<status status="PASS" starttime="20220802 12:23:45.655" endtime="20220802 12:23:45.917"/>
</test>
<test id="s1-t5" name="Deletar um livro (DELETE)" line="32">
<kw name="Excluir o livro &quot;200&quot;" library="resourceAPI" sourcename="Excluir o livro &quot;${id_livro}&quot;">
<kw name="DELETE On Session" library="RequestsLibrary">
<var>${resposta}</var>
<arg>fakeAPI</arg>
<arg>Books/${id_livro}</arg>
<doc>Sends a DELETE request on a previously created HTTP Session.</doc>
<msg timestamp="20220802 12:23:46.202" level="INFO">DELETE Request : url=https://fakerestapi.azurewebsites.net/api/v1/Books/200 
 path_url=/api/v1/Books/200 
 headers={'User-Agent': 'python-requests/2.28.1', 'Accept-Encoding': 'gzip, deflate', 'Accept': '*/*', 'Connection': 'keep-alive', 'Content-Length': '0'} 
 body=None 
 </msg>
<msg timestamp="20220802 12:23:46.202" level="INFO">DELETE Response : url=https://fakerestapi.azurewebsites.net/api/v1/Books/200 
 status=200, reason=OK 
 headers={'Content-Length': '0', 'Date': 'Tue, 02 Aug 2022 15:23:45 GMT', 'Server': 'Kestrel', 'api-supported-versions': '1.0'} 
 body=None 
 </msg>
<msg timestamp="20220802 12:23:46.202" level="INFO">C:\Python310\lib\site-packages\urllib3\connectionpool.py:1043: InsecureRequestWarning: Unverified HTTPS request is being made to host 'fakerestapi.azurewebsites.net'. Adding certificate verification is strongly advised. See: https://urllib3.readthedocs.io/en/1.26.x/advanced-usage.html#ssl-warnings
  warnings.warn(</msg>
<msg timestamp="20220802 12:23:46.207" level="INFO">${resposta} = &lt;Response [200]&gt;</msg>
<status status="PASS" starttime="20220802 12:23:45.938" endtime="20220802 12:23:46.207"/>
</kw>
<kw name="Log" library="BuiltIn">
<arg>${resposta.text}</arg>
<doc>Logs the given message with the given level.</doc>
<msg timestamp="20220802 12:23:46.210" level="INFO"/>
<status status="PASS" starttime="20220802 12:23:46.208" endtime="20220802 12:23:46.210"/>
</kw>
<kw name="Set Test Variable" library="BuiltIn">
<arg>${resposta}</arg>
<doc>Makes a variable available everywhere within the scope of the current test.</doc>
<msg timestamp="20220802 12:23:46.211" level="INFO">${resposta} = &lt;Response [200]&gt;</msg>
<status status="PASS" starttime="20220802 12:23:46.210" endtime="20220802 12:23:46.211"/>
</kw>
<status status="PASS" starttime="20220802 12:23:45.937" endtime="20220802 12:23:46.212"/>
</kw>
<kw name="Conferir o status code" library="resourceAPI">
<arg>200</arg>
<kw name="Should Be Equal As Strings" library="BuiltIn">
<arg>${resposta.status_code}</arg>
<arg>${statuscode_desejado}</arg>
<doc>Fails if objects are unequal after converting them to strings.</doc>
<msg timestamp="20220802 12:23:46.220" level="INFO">Argument types are:
&lt;class 'int'&gt;
&lt;class 'str'&gt;</msg>
<status status="PASS" starttime="20220802 12:23:46.218" endtime="20220802 12:23:46.220"/>
</kw>
<status status="PASS" starttime="20220802 12:23:46.217" endtime="20220802 12:23:46.221"/>
</kw>
<kw name="Conferir o reason" library="resourceAPI">
<arg>OK</arg>
<kw name="Should Be Equal As Strings" library="BuiltIn">
<arg>${resposta.reason}</arg>
<arg>${reason_desejado}</arg>
<doc>Fails if objects are unequal after converting them to strings.</doc>
<status status="PASS" starttime="20220802 12:23:46.223" endtime="20220802 12:23:46.225"/>
</kw>
<status status="PASS" starttime="20220802 12:23:46.221" endtime="20220802 12:23:46.225"/>
</kw>
<kw name="Conferir se excluiu o livro &quot;200&quot;" library="resourceAPI" sourcename="Conferir se excluiu o livro &quot;${id_livro}&quot;">
<kw name="Should Be Empty" library="BuiltIn">
<arg>${resposta.content}</arg>
<doc>Verifies that the given item is empty.</doc>
<msg timestamp="20220802 12:23:46.229" level="INFO">Length is 0</msg>
<status status="PASS" starttime="20220802 12:23:46.227" endtime="20220802 12:23:46.230"/>
</kw>
<status status="PASS" starttime="20220802 12:23:46.226" endtime="20220802 12:23:46.233"/>
</kw>
<status status="PASS" starttime="20220802 12:23:45.927" endtime="20220802 12:23:46.234"/>
</test>
<doc>Documentação da API: https://fakerestapi.azurewebsites.net/swagger/ui/index#!/Books</doc>
<status status="PASS" starttime="20220802 12:23:43.085" endtime="20220802 12:23:46.238"/>
</suite>
<statistics>
<total>
<stat pass="5" fail="0" skip="0">All Tests</stat>
</total>
<tag>
</tag>
<suite>
<stat pass="5" fail="0" skip="0" id="s1" name="TestsAPIS">TestsAPIS</stat>
</suite>
</statistics>
<errors>
</errors>
</robot>
